{"/home/travis/build/npmtest/node-npmtest-redbox-react/test.js":{"path":"/home/travis/build/npmtest/node-npmtest-redbox-react/test.js","s":{"1":2,"2":2,"3":2,"4":2,"5":2,"6":2,"7":2,"8":1,"9":2,"10":2,"11":1,"12":1,"13":1,"14":1,"15":2,"16":2,"17":2,"18":2,"19":1,"20":1,"21":2,"22":2,"23":2,"24":1,"25":1,"26":1,"27":1,"28":1,"29":1,"30":1,"31":1,"32":1,"33":1,"34":1,"35":1,"36":1,"37":1,"38":1,"39":2,"40":2,"41":1,"42":2,"43":2,"44":1,"45":2,"46":2,"47":1,"48":2,"49":2,"50":1,"51":1,"52":1,"53":1,"54":1},"b":{"1":[2,1,1,1],"2":[1,1,1,1],"3":[1,1],"4":[1,1],"5":[1,1],"6":[1,1],"7":[1,1],"8":[1,1],"9":[1,1],"10":[1,1,1],"11":[1,1],"12":[1,1],"13":[1,1],"14":[1,1],"15":[1,1],"16":[1,1],"17":[1,1]},"f":{"1":2,"2":2,"3":2,"4":2,"5":2,"6":1,"7":1,"8":1,"9":2,"10":2,"11":2,"12":2,"13":1},"fnMap":{"1":{"name":"(anonymous_1)","line":12,"loc":{"start":{"line":12,"column":1},"end":{"line":12,"column":13}}},"2":{"name":"(anonymous_2)","line":19,"loc":{"start":{"line":19,"column":5},"end":{"line":19,"column":17}}},"3":{"name":"(anonymous_3)","line":23,"loc":{"start":{"line":23,"column":24},"end":{"line":23,"column":36}}},"4":{"name":"(anonymous_4)","line":61,"loc":{"start":{"line":61,"column":5},"end":{"line":61,"column":17}}},"5":{"name":"(anonymous_5)","line":82,"loc":{"start":{"line":82,"column":5},"end":{"line":82,"column":17}}},"6":{"name":"(anonymous_6)","line":91,"loc":{"start":{"line":91,"column":77},"end":{"line":94,"column":10}}},"7":{"name":"(anonymous_7)","line":112,"loc":{"start":{"line":112,"column":83},"end":{"line":115,"column":10}},"skip":true},"8":{"name":"(anonymous_8)","line":123,"loc":{"start":{"line":123,"column":77},"end":{"line":126,"column":10}},"skip":true},"9":{"name":"(anonymous_9)","line":139,"loc":{"start":{"line":139,"column":12},"end":{"line":139,"column":40}},"skip":true},"10":{"name":"(anonymous_10)","line":147,"loc":{"start":{"line":147,"column":77},"end":{"line":150,"column":10}},"skip":true},"11":{"name":"(anonymous_11)","line":158,"loc":{"start":{"line":158,"column":83},"end":{"line":161,"column":10}},"skip":true},"12":{"name":"(anonymous_12)","line":169,"loc":{"start":{"line":169,"column":79},"end":{"line":172,"column":10}},"skip":true},"13":{"name":"(anonymous_13)","line":180,"loc":{"start":{"line":180,"column":75},"end":{"line":183,"column":10}},"skip":true}},"statementMap":{"1":{"start":{"line":12,"column":0},"end":{"line":195,"column":5}},"2":{"start":{"line":14,"column":4},"end":{"line":14,"column":14}},"3":{"start":{"line":19,"column":4},"end":{"line":56,"column":9}},"4":{"start":{"line":21,"column":8},"end":{"line":21,"column":19}},"5":{"start":{"line":23,"column":8},"end":{"line":35,"column":13}},"6":{"start":{"line":24,"column":12},"end":{"line":34,"column":13}},"7":{"start":{"line":25,"column":16},"end":{"line":28,"column":30}},"8":{"start":{"line":30,"column":16},"end":{"line":33,"column":27}},"9":{"start":{"line":37,"column":8},"end":{"line":39,"column":21}},"10":{"start":{"line":40,"column":8},"end":{"line":53,"column":9}},"11":{"start":{"line":43,"column":12},"end":{"line":46,"column":14}},"12":{"start":{"line":47,"column":12},"end":{"line":47,"column":18}},"13":{"start":{"line":50,"column":12},"end":{"line":51,"column":33}},"14":{"start":{"line":52,"column":12},"end":{"line":52,"column":18}},"15":{"start":{"line":55,"column":8},"end":{"line":55,"column":35}},"16":{"start":{"line":61,"column":4},"end":{"line":63,"column":9}},"17":{"start":{"line":62,"column":8},"end":{"line":62,"column":15}},"18":{"start":{"line":64,"column":4},"end":{"line":77,"column":5}},"19":{"start":{"line":70,"column":8},"end":{"line":70,"column":14}},"20":{"start":{"line":76,"column":8},"end":{"line":76,"column":14}},"21":{"start":{"line":82,"column":4},"end":{"line":84,"column":9}},"22":{"start":{"line":83,"column":8},"end":{"line":83,"column":15}},"23":{"start":{"line":85,"column":4},"end":{"line":194,"column":5}},"24":{"start":{"line":91,"column":8},"end":{"line":99,"column":10}},"25":{"start":{"line":98,"column":12},"end":{"line":98,"column":35}},"26":{"start":{"line":102,"column":8},"end":{"line":104,"column":63}},"27":{"start":{"line":105,"column":8},"end":{"line":105,"column":14}},"28":{"start":{"line":112,"column":8},"end":{"line":121,"column":10},"skip":true},"29":{"start":{"line":119,"column":12},"end":{"line":119,"column":55},"skip":true},"30":{"start":{"line":120,"column":12},"end":{"line":120,"column":48},"skip":true},"31":{"start":{"line":123,"column":8},"end":{"line":136,"column":10},"skip":true},"32":{"start":{"line":130,"column":12},"end":{"line":130,"column":76},"skip":true},"33":{"start":{"line":131,"column":12},"end":{"line":131,"column":73},"skip":true},"34":{"start":{"line":132,"column":12},"end":{"line":132,"column":74},"skip":true},"35":{"start":{"line":133,"column":12},"end":{"line":133,"column":79},"skip":true},"36":{"start":{"line":134,"column":12},"end":{"line":134,"column":25},"skip":true},"37":{"start":{"line":135,"column":12},"end":{"line":135,"column":45},"skip":true},"38":{"start":{"line":138,"column":8},"end":{"line":145,"column":14},"skip":true},"39":{"start":{"line":143,"column":16},"end":{"line":143,"column":29},"skip":true},"40":{"start":{"line":144,"column":16},"end":{"line":144,"column":55},"skip":true},"41":{"start":{"line":147,"column":8},"end":{"line":156,"column":10},"skip":true},"42":{"start":{"line":154,"column":12},"end":{"line":154,"column":25},"skip":true},"43":{"start":{"line":155,"column":12},"end":{"line":155,"column":45},"skip":true},"44":{"start":{"line":158,"column":8},"end":{"line":167,"column":10},"skip":true},"45":{"start":{"line":165,"column":12},"end":{"line":165,"column":25},"skip":true},"46":{"start":{"line":166,"column":12},"end":{"line":166,"column":48},"skip":true},"47":{"start":{"line":169,"column":8},"end":{"line":178,"column":10},"skip":true},"48":{"start":{"line":176,"column":12},"end":{"line":176,"column":25},"skip":true},"49":{"start":{"line":177,"column":12},"end":{"line":177,"column":46},"skip":true},"50":{"start":{"line":180,"column":8},"end":{"line":189,"column":10},"skip":true},"51":{"start":{"line":187,"column":12},"end":{"line":187,"column":94},"skip":true},"52":{"start":{"line":188,"column":12},"end":{"line":188,"column":48},"skip":true},"53":{"start":{"line":192,"column":8},"end":{"line":192,"column":35},"skip":true},"54":{"start":{"line":193,"column":8},"end":{"line":193,"column":14},"skip":true}},"branchMap":{"1":{"line":25,"type":"binary-expr","locations":[{"start":{"line":25,"column":23},"end":{"line":25,"column":62}},{"start":{"line":26,"column":20},"end":{"line":26,"column":70}},{"start":{"line":27,"column":20},"end":{"line":27,"column":71}},{"start":{"line":28,"column":20},"end":{"line":28,"column":29}}]},"2":{"line":30,"type":"binary-expr","locations":[{"start":{"line":30,"column":23},"end":{"line":30,"column":37}},{"start":{"line":31,"column":20},"end":{"line":31,"column":61}},{"start":{"line":32,"column":20},"end":{"line":32,"column":70}},{"start":{"line":33,"column":20},"end":{"line":33,"column":26}}]},"3":{"line":37,"type":"cond-expr","locations":[{"start":{"line":38,"column":14},"end":{"line":38,"column":20}},{"start":{"line":39,"column":14},"end":{"line":39,"column":20}}]},"4":{"line":40,"type":"switch","locations":[{"start":{"line":42,"column":8},"end":{"line":47,"column":18}},{"start":{"line":49,"column":8},"end":{"line":52,"column":18}}]},"5":{"line":44,"type":"binary-expr","locations":[{"start":{"line":44,"column":16},"end":{"line":44,"column":44}},{"start":{"line":44,"column":48},"end":{"line":44,"column":66}}]},"6":{"line":50,"type":"binary-expr","locations":[{"start":{"line":50,"column":21},"end":{"line":50,"column":49}},{"start":{"line":50,"column":53},"end":{"line":50,"column":72}}]},"7":{"line":64,"type":"switch","locations":[{"start":{"line":69,"column":4},"end":{"line":70,"column":14}},{"start":{"line":75,"column":4},"end":{"line":76,"column":14}}]},"8":{"line":85,"type":"switch","locations":[{"start":{"line":90,"column":4},"end":{"line":105,"column":14}},{"start":{"line":111,"column":4},"end":{"line":193,"column":14},"skip":true}]},"9":{"line":91,"type":"binary-expr","locations":[{"start":{"line":91,"column":42},"end":{"line":91,"column":73}},{"start":{"line":91,"column":77},"end":{"line":99,"column":9}}]},"10":{"line":102,"type":"binary-expr","locations":[{"start":{"line":102,"column":18},"end":{"line":102,"column":32}},{"start":{"line":103,"column":12},"end":{"line":103,"column":53}},{"start":{"line":104,"column":12},"end":{"line":104,"column":61}}]},"11":{"line":112,"type":"binary-expr","locations":[{"start":{"line":112,"column":45},"end":{"line":112,"column":79},"skip":true},{"start":{"line":112,"column":83},"end":{"line":121,"column":9},"skip":true}]},"12":{"line":123,"type":"binary-expr","locations":[{"start":{"line":123,"column":42},"end":{"line":123,"column":73},"skip":true},{"start":{"line":123,"column":77},"end":{"line":136,"column":9},"skip":true}]},"13":{"line":138,"type":"binary-expr","locations":[{"start":{"line":138,"column":48},"end":{"line":138,"column":85},"skip":true},{"start":{"line":139,"column":12},"end":{"line":145,"column":13},"skip":true}]},"14":{"line":147,"type":"binary-expr","locations":[{"start":{"line":147,"column":42},"end":{"line":147,"column":73},"skip":true},{"start":{"line":147,"column":77},"end":{"line":156,"column":9},"skip":true}]},"15":{"line":158,"type":"binary-expr","locations":[{"start":{"line":158,"column":45},"end":{"line":158,"column":79},"skip":true},{"start":{"line":158,"column":83},"end":{"line":167,"column":9},"skip":true}]},"16":{"line":169,"type":"binary-expr","locations":[{"start":{"line":169,"column":43},"end":{"line":169,"column":75},"skip":true},{"start":{"line":169,"column":79},"end":{"line":178,"column":9},"skip":true}]},"17":{"line":180,"type":"binary-expr","locations":[{"start":{"line":180,"column":41},"end":{"line":180,"column":71},"skip":true},{"start":{"line":180,"column":75},"end":{"line":189,"column":9},"skip":true}]}},"code":["/* istanbul instrument in package npmtest_redbox_react */","/*jslint","    bitwise: true,","    browser: true,","    maxerr: 8,","    maxlen: 96,","    node: true,","    nomen: true,","    regexp: true,","    stupid: true","*/","(function () {","    'use strict';","    var local;","","","","    // run shared js-env code - init-before","    (function () {","        // init local","        local = {};","        // init modeJs","        local.modeJs = (function () {","            try {","                return typeof navigator.userAgent === 'string' &&","                    typeof document.querySelector('body') === 'object' &&","                    typeof XMLHttpRequest.prototype.open === 'function' &&","                    'browser';","            } catch (errorCaughtBrowser) {","                return module.exports &&","                    typeof process.versions.node === 'string' &&","                    typeof require('http').createServer === 'function' &&","                    'node';","            }","        }());","        // init global","        local.global = local.modeJs === 'browser'","            ? window","            : global;","        switch (local.modeJs) {","        // re-init local from window.local","        case 'browser':","            local = local.global.utility2.objectSetDefault(","                local.global.utility2_rollup || local.global.local,","                local.global.utility2","            );","            break;","        // re-init local from example.js","        case 'node':","            local = (local.global.utility2_rollup || require('utility2'))","                .requireReadme();","            break;","        }","        // export local","        local.global.local = local;","    }());","","","","    // run shared js-env code - function","    (function () {","        return;","    }());","    switch (local.modeJs) {","","","","    // run browser js-env code - function","    case 'browser':","        break;","","","","    // run node js-env code - function","    case 'node':","        break;","    }","","","","    // run shared js-env code - init-after","    (function () {","        return;","    }());","    switch (local.modeJs) {","","","","    // run browser js-env code - init-after","    case 'browser':","        local.testCase_browser_nullCase = local.testCase_browser_nullCase || function (","            options,","            onError","        ) {","        /*","         * this function will test browsers's null-case handling-behavior-behavior","         */","            onError(null, options);","        };","","        // run tests","        local.nop(local.modeTest &&","            document.querySelector('#testRunButton1') &&","            document.querySelector('#testRunButton1').click());","        break;","","","","    // run node js-env code - init-after","    /* istanbul ignore next */","    case 'node':","        local.testCase_buildApidoc_default = local.testCase_buildApidoc_default || function (","            options,","            onError","        ) {","        /*","         * this function will test buildApidoc's default handling-behavior-behavior","         */","            options = { modulePathList: module.paths };","            local.buildApidoc(options, onError);","        };","","        local.testCase_buildApp_default = local.testCase_buildApp_default || function (","            options,","            onError","        ) {","        /*","         * this function will test buildApp's default handling-behavior-behavior","         */","            local.testCase_buildReadme_default(options, local.onErrorThrow);","            local.testCase_buildLib_default(options, local.onErrorThrow);","            local.testCase_buildTest_default(options, local.onErrorThrow);","            local.testCase_buildCustomOrg_default(options, local.onErrorThrow);","            options = [];","            local.buildApp(options, onError);","        };","","        local.testCase_buildCustomOrg_default = local.testCase_buildCustomOrg_default ||","            function (options, onError) {","            /*","             * this function will test buildCustomOrg's default handling-behavior","             */","                options = {};","                local.buildCustomOrg(options, onError);","            };","","        local.testCase_buildLib_default = local.testCase_buildLib_default || function (","            options,","            onError","        ) {","        /*","         * this function will test buildLib's default handling-behavior","         */","            options = {};","            local.buildLib(options, onError);","        };","","        local.testCase_buildReadme_default = local.testCase_buildReadme_default || function (","            options,","            onError","        ) {","        /*","         * this function will test buildReadme's default handling-behavior-behavior","         */","            options = {};","            local.buildReadme(options, onError);","        };","","        local.testCase_buildTest_default = local.testCase_buildTest_default || function (","            options,","            onError","        ) {","        /*","         * this function will test buildTest's default handling-behavior","         */","            options = {};","            local.buildTest(options, onError);","        };","","        local.testCase_webpage_default = local.testCase_webpage_default || function (","            options,","            onError","        ) {","        /*","         * this function will test webpage's default handling-behavior","         */","            options = { modeCoverageMerge: true, url: local.serverLocalHost + '?modeTest=1' };","            local.browserTest(options, onError);","        };","","        // run test-server","        local.testRunServer(local);","        break;","    }","}());",""],"l":{"12":2,"14":2,"19":2,"21":2,"23":2,"24":2,"25":2,"30":1,"37":2,"40":2,"43":1,"47":1,"50":1,"52":1,"55":2,"61":2,"62":2,"64":2,"70":1,"76":1,"82":2,"83":2,"85":2,"91":1,"98":1,"102":1,"105":1,"112":1,"119":1,"120":1,"123":1,"130":1,"131":1,"132":1,"133":1,"134":1,"135":1,"138":1,"143":2,"144":2,"147":1,"154":2,"155":2,"158":1,"165":2,"166":2,"169":1,"176":2,"177":2,"180":1,"187":1,"188":1,"192":1,"193":1}},"/home/travis/build/npmtest/node-npmtest-redbox-react/lib.npmtest_redbox_react.js":{"path":"/home/travis/build/npmtest/node-npmtest-redbox-react/lib.npmtest_redbox_react.js","s":{"1":2,"2":2,"3":2,"4":2,"5":2,"6":2,"7":2,"8":1,"9":2,"10":2,"11":2,"12":2,"13":1,"14":1,"15":1,"16":1},"b":{"1":[2,1,1,1],"2":[1,1,1,1],"3":[1,1],"4":[2,2],"5":[1,1]},"f":{"1":2,"2":2,"3":2},"fnMap":{"1":{"name":"(anonymous_1)","line":12,"loc":{"start":{"line":12,"column":1},"end":{"line":12,"column":13}}},"2":{"name":"(anonymous_2)","line":19,"loc":{"start":{"line":19,"column":5},"end":{"line":19,"column":17}}},"3":{"name":"(anonymous_3)","line":23,"loc":{"start":{"line":23,"column":24},"end":{"line":23,"column":36}}}},"statementMap":{"1":{"start":{"line":12,"column":0},"end":{"line":53,"column":5}},"2":{"start":{"line":14,"column":4},"end":{"line":14,"column":14}},"3":{"start":{"line":19,"column":4},"end":{"line":52,"column":9}},"4":{"start":{"line":21,"column":8},"end":{"line":21,"column":19}},"5":{"start":{"line":23,"column":8},"end":{"line":35,"column":13}},"6":{"start":{"line":24,"column":12},"end":{"line":34,"column":13}},"7":{"start":{"line":25,"column":16},"end":{"line":28,"column":30}},"8":{"start":{"line":30,"column":16},"end":{"line":33,"column":27}},"9":{"start":{"line":37,"column":8},"end":{"line":39,"column":21}},"10":{"start":{"line":41,"column":8},"end":{"line":41,"column":54}},"11":{"start":{"line":43,"column":8},"end":{"line":43,"column":57}},"12":{"start":{"line":45,"column":8},"end":{"line":51,"column":9}},"13":{"start":{"line":46,"column":12},"end":{"line":46,"column":63}},"14":{"start":{"line":48,"column":12},"end":{"line":48,"column":35}},"15":{"start":{"line":49,"column":12},"end":{"line":49,"column":49}},"16":{"start":{"line":50,"column":12},"end":{"line":50,"column":43}}},"branchMap":{"1":{"line":25,"type":"binary-expr","locations":[{"start":{"line":25,"column":23},"end":{"line":25,"column":62}},{"start":{"line":26,"column":20},"end":{"line":26,"column":70}},{"start":{"line":27,"column":20},"end":{"line":27,"column":71}},{"start":{"line":28,"column":20},"end":{"line":28,"column":29}}]},"2":{"line":30,"type":"binary-expr","locations":[{"start":{"line":30,"column":23},"end":{"line":30,"column":37}},{"start":{"line":31,"column":20},"end":{"line":31,"column":61}},{"start":{"line":32,"column":20},"end":{"line":32,"column":70}},{"start":{"line":33,"column":20},"end":{"line":33,"column":26}}]},"3":{"line":37,"type":"cond-expr","locations":[{"start":{"line":38,"column":14},"end":{"line":38,"column":20}},{"start":{"line":39,"column":14},"end":{"line":39,"column":20}}]},"4":{"line":41,"type":"binary-expr","locations":[{"start":{"line":41,"column":16},"end":{"line":41,"column":44}},{"start":{"line":41,"column":48},"end":{"line":41,"column":53}}]},"5":{"line":45,"type":"if","locations":[{"start":{"line":45,"column":8},"end":{"line":45,"column":8}},{"start":{"line":45,"column":8},"end":{"line":45,"column":8}}]}},"code":["/* istanbul instrument in package npmtest_redbox_react */","/*jslint","    bitwise: true,","    browser: true,","    maxerr: 8,","    maxlen: 96,","    node: true,","    nomen: true,","    regexp: true,","    stupid: true","*/","(function () {","    'use strict';","    var local;","","","","    // run shared js-env code - init-before","    (function () {","        // init local","        local = {};","        // init modeJs","        local.modeJs = (function () {","            try {","                return typeof navigator.userAgent === 'string' &&","                    typeof document.querySelector('body') === 'object' &&","                    typeof XMLHttpRequest.prototype.open === 'function' &&","                    'browser';","            } catch (errorCaughtBrowser) {","                return module.exports &&","                    typeof process.versions.node === 'string' &&","                    typeof require('http').createServer === 'function' &&","                    'node';","            }","        }());","        // init global","        local.global = local.modeJs === 'browser'","            ? window","            : global;","        // init utility2_rollup","        local = local.global.utility2_rollup || local;","        // init lib","        local.local = local.npmtest_redbox_react = local;","        // init exports","        if (local.modeJs === 'browser') {","            local.global.utility2_npmtest_redbox_react = local;","        } else {","            module.exports = local;","            module.exports.__dirname = __dirname;","            module.exports.module = module;","        }","    }());","}());",""],"l":{"12":2,"14":2,"19":2,"21":2,"23":2,"24":2,"25":2,"30":1,"37":2,"41":2,"43":2,"45":2,"46":1,"48":1,"49":1,"50":1}},"/home/travis/build/npmtest/node-npmtest-redbox-react/example.js":{"path":"/home/travis/build/npmtest/node-npmtest-redbox-react/example.js","s":{"1":2,"2":2,"3":2,"4":2,"5":2,"6":2,"7":2,"8":1,"9":2,"10":2,"11":2,"12":2,"13":1,"14":2,"15":2,"16":2,"17":2,"18":2,"19":0,"20":2,"21":1,"22":1,"23":1,"24":1,"25":1,"26":0,"27":0,"28":1,"29":1,"30":2,"31":0,"32":0,"33":0,"34":1,"35":2,"36":2,"37":3,"38":3,"39":3,"40":3,"41":0,"42":3,"43":3,"44":3,"45":1,"46":3,"47":1,"48":1,"49":1,"50":1,"51":1,"52":1,"53":1,"54":1,"55":1,"56":1,"57":0,"58":1,"59":6,"60":6,"61":1,"62":2,"63":0,"64":2,"65":1,"66":1,"67":0,"68":0,"69":0,"70":0,"71":0,"72":0,"73":0,"74":0,"75":0,"76":0,"77":0,"78":0,"79":0,"80":0,"81":0,"82":0,"83":0},"b":{"1":[2,1,1,1],"2":[1,1,1,1],"3":[1,1],"4":[2,2],"5":[1,1],"6":[1,1],"7":[2,0],"8":[2,1,1,1,1,1],"9":[0,2,0],"10":[1,1],"11":[2,1,1],"12":[1,0],"13":[0,2],"14":[2,0,0,0,0,0,0],"15":[0,3],"16":[3,0],"17":[1,1],"18":[0,1],"19":[1,2,0,2],"20":[1,0],"21":[1,1],"22":[0,0],"23":[0,0],"24":[0,0],"25":[0,0],"26":[0,0],"27":[0,0],"28":[0,0]},"f":{"1":2,"2":2,"3":2,"4":2,"5":2,"6":2,"7":3,"8":3,"9":3,"10":1,"11":6,"12":0},"fnMap":{"1":{"name":"(anonymous_1)","line":26,"loc":{"start":{"line":26,"column":1},"end":{"line":26,"column":13}}},"2":{"name":"(anonymous_2)","line":33,"loc":{"start":{"line":33,"column":5},"end":{"line":33,"column":17}}},"3":{"name":"(anonymous_3)","line":37,"loc":{"start":{"line":37,"column":24},"end":{"line":37,"column":36}}},"4":{"name":"(anonymous_4)","line":69,"loc":{"start":{"line":69,"column":31},"end":{"line":69,"column":48}},"skip":true},"5":{"name":"(anonymous_5)","line":78,"loc":{"start":{"line":78,"column":26},"end":{"line":78,"column":45}},"skip":true},"6":{"name":"(anonymous_6)","line":123,"loc":{"start":{"line":123,"column":33},"end":{"line":123,"column":48}},"skip":true},"7":{"name":"(anonymous_7)","line":125,"loc":{"start":{"line":125,"column":27},"end":{"line":125,"column":39}},"skip":true},"8":{"name":"(anonymous_8)","line":133,"loc":{"start":{"line":133,"column":59},"end":{"line":133,"column":74}},"skip":true},"9":{"name":"(anonymous_9)","line":143,"loc":{"start":{"line":143,"column":45},"end":{"line":143,"column":62}},"skip":true},"10":{"name":"(anonymous_10)","line":144,"loc":{"start":{"line":144,"column":73},"end":{"line":144,"column":92}},"skip":true},"11":{"name":"(anonymous_11)","line":272,"loc":{"start":{"line":272,"column":51},"end":{"line":272,"column":77}},"skip":true},"12":{"name":"(anonymous_12)","line":315,"loc":{"start":{"line":315,"column":32},"end":{"line":315,"column":61}},"skip":true}},"statementMap":{"1":{"start":{"line":26,"column":0},"end":{"line":326,"column":5}},"2":{"start":{"line":28,"column":4},"end":{"line":28,"column":14}},"3":{"start":{"line":33,"column":4},"end":{"line":60,"column":9}},"4":{"start":{"line":35,"column":8},"end":{"line":35,"column":19}},"5":{"start":{"line":37,"column":8},"end":{"line":49,"column":13}},"6":{"start":{"line":38,"column":12},"end":{"line":48,"column":13}},"7":{"start":{"line":39,"column":16},"end":{"line":42,"column":30}},"8":{"start":{"line":44,"column":16},"end":{"line":47,"column":27}},"9":{"start":{"line":51,"column":8},"end":{"line":53,"column":21}},"10":{"start":{"line":55,"column":8},"end":{"line":57,"column":45}},"11":{"start":{"line":59,"column":8},"end":{"line":59,"column":35}},"12":{"start":{"line":61,"column":4},"end":{"line":325,"column":5}},"13":{"start":{"line":69,"column":8},"end":{"line":121,"column":10},"skip":true},"14":{"start":{"line":70,"column":12},"end":{"line":88,"column":13},"skip":true},"15":{"start":{"line":76,"column":16},"end":{"line":87,"column":19},"skip":true},"16":{"start":{"line":79,"column":20},"end":{"line":86,"column":21},"skip":true},"17":{"start":{"line":82,"column":24},"end":{"line":82,"column":43},"skip":true},"18":{"start":{"line":83,"column":24},"end":{"line":83,"column":30},"skip":true},"19":{"start":{"line":85,"column":24},"end":{"line":85,"column":49},"skip":true},"20":{"start":{"line":89,"column":12},"end":{"line":107,"column":13},"skip":true},"21":{"start":{"line":92,"column":16},"end":{"line":102,"column":17},"skip":true},"22":{"start":{"line":93,"column":20},"end":{"line":93,"column":86},"skip":true},"23":{"start":{"line":94,"column":20},"end":{"line":95,"column":45},"skip":true},"24":{"start":{"line":96,"column":20},"end":{"line":96,"column":42},"skip":true},"25":{"start":{"line":97,"column":20},"end":{"line":97,"column":48},"skip":true},"26":{"start":{"line":100,"column":20},"end":{"line":100,"column":85},"skip":true},"27":{"start":{"line":101,"column":20},"end":{"line":101,"column":96},"skip":true},"28":{"start":{"line":103,"column":16},"end":{"line":103,"column":22},"skip":true},"29":{"start":{"line":106,"column":16},"end":{"line":106,"column":22},"skip":true},"30":{"start":{"line":108,"column":12},"end":{"line":120,"column":13},"skip":true},"31":{"start":{"line":114,"column":16},"end":{"line":119,"column":17},"skip":true},"32":{"start":{"line":116,"column":20},"end":{"line":116,"column":78},"skip":true},"33":{"start":{"line":118,"column":20},"end":{"line":118,"column":47},"skip":true},"34":{"start":{"line":123,"column":8},"end":{"line":141,"column":11},"skip":true},"35":{"start":{"line":124,"column":12},"end":{"line":124,"column":54},"skip":true},"36":{"start":{"line":125,"column":12},"end":{"line":140,"column":14},"skip":true},"37":{"start":{"line":126,"column":16},"end":{"line":126,"column":28},"skip":true},"38":{"start":{"line":127,"column":16},"end":{"line":127,"column":69},"skip":true},"39":{"start":{"line":128,"column":16},"end":{"line":128,"column":75},"skip":true},"40":{"start":{"line":129,"column":16},"end":{"line":131,"column":17},"skip":true},"41":{"start":{"line":130,"column":20},"end":{"line":130,"column":27},"skip":true},"42":{"start":{"line":133,"column":16},"end":{"line":137,"column":36},"skip":true},"43":{"start":{"line":134,"column":20},"end":{"line":136,"column":55},"skip":true},"44":{"start":{"line":139,"column":16},"end":{"line":139,"column":57},"skip":true},"45":{"start":{"line":143,"column":8},"end":{"line":147,"column":11},"skip":true},"46":{"start":{"line":144,"column":12},"end":{"line":146,"column":15},"skip":true},"47":{"start":{"line":145,"column":16},"end":{"line":145,"column":70},"skip":true},"48":{"start":{"line":149,"column":8},"end":{"line":149,"column":31},"skip":true},"49":{"start":{"line":150,"column":8},"end":{"line":150,"column":14},"skip":true},"50":{"start":{"line":158,"column":8},"end":{"line":158,"column":31},"skip":true},"51":{"start":{"line":160,"column":8},"end":{"line":160,"column":33},"skip":true},"52":{"start":{"line":161,"column":8},"end":{"line":161,"column":37},"skip":true},"53":{"start":{"line":162,"column":8},"end":{"line":162,"column":35},"skip":true},"54":{"start":{"line":164,"column":8},"end":{"line":164,"column":50},"skip":true},"55":{"start":{"line":166,"column":8},"end":{"line":256,"column":2},"skip":true},"56":{"start":{"line":258,"column":8},"end":{"line":286,"column":9},"skip":true},"57":{"start":{"line":259,"column":12},"end":{"line":269,"column":14},"skip":true},"58":{"start":{"line":271,"column":12},"end":{"line":285,"column":19},"skip":true},"59":{"start":{"line":274,"column":20},"end":{"line":274,"column":35},"skip":true},"60":{"start":{"line":275,"column":20},"end":{"line":284,"column":21},"skip":true},"61":{"start":{"line":277,"column":24},"end":{"line":277,"column":64},"skip":true},"62":{"start":{"line":279,"column":24},"end":{"line":279,"column":40},"skip":true},"63":{"start":{"line":281,"column":24},"end":{"line":281,"column":40},"skip":true},"64":{"start":{"line":283,"column":24},"end":{"line":283,"column":39},"skip":true},"65":{"start":{"line":288,"column":8},"end":{"line":290,"column":9},"skip":true},"66":{"start":{"line":289,"column":12},"end":{"line":289,"column":18},"skip":true},"67":{"start":{"line":291,"column":8},"end":{"line":293,"column":54},"skip":true},"68":{"start":{"line":296,"column":8},"end":{"line":301,"column":37},"skip":true},"69":{"start":{"line":303,"column":8},"end":{"line":303,"column":82},"skip":true},"70":{"start":{"line":306,"column":8},"end":{"line":308,"column":9},"skip":true},"71":{"start":{"line":307,"column":12},"end":{"line":307,"column":82},"skip":true},"72":{"start":{"line":310,"column":8},"end":{"line":312,"column":9},"skip":true},"73":{"start":{"line":311,"column":12},"end":{"line":311,"column":18},"skip":true},"74":{"start":{"line":313,"column":8},"end":{"line":313,"column":54},"skip":true},"75":{"start":{"line":314,"column":8},"end":{"line":314,"column":69},"skip":true},"76":{"start":{"line":315,"column":8},"end":{"line":323,"column":36},"skip":true},"77":{"start":{"line":316,"column":12},"end":{"line":316,"column":61},"skip":true},"78":{"start":{"line":317,"column":12},"end":{"line":320,"column":13},"skip":true},"79":{"start":{"line":318,"column":16},"end":{"line":318,"column":75},"skip":true},"80":{"start":{"line":319,"column":16},"end":{"line":319,"column":23},"skip":true},"81":{"start":{"line":321,"column":12},"end":{"line":321,"column":38},"skip":true},"82":{"start":{"line":322,"column":12},"end":{"line":322,"column":27},"skip":true},"83":{"start":{"line":324,"column":8},"end":{"line":324,"column":14},"skip":true}},"branchMap":{"1":{"line":39,"type":"binary-expr","locations":[{"start":{"line":39,"column":23},"end":{"line":39,"column":62}},{"start":{"line":40,"column":20},"end":{"line":40,"column":70}},{"start":{"line":41,"column":20},"end":{"line":41,"column":71}},{"start":{"line":42,"column":20},"end":{"line":42,"column":29}}]},"2":{"line":44,"type":"binary-expr","locations":[{"start":{"line":44,"column":23},"end":{"line":44,"column":37}},{"start":{"line":45,"column":20},"end":{"line":45,"column":61}},{"start":{"line":46,"column":20},"end":{"line":46,"column":70}},{"start":{"line":47,"column":20},"end":{"line":47,"column":26}}]},"3":{"line":51,"type":"cond-expr","locations":[{"start":{"line":52,"column":14},"end":{"line":52,"column":20}},{"start":{"line":53,"column":14},"end":{"line":53,"column":20}}]},"4":{"line":55,"type":"binary-expr","locations":[{"start":{"line":55,"column":16},"end":{"line":55,"column":44}},{"start":{"line":55,"column":49},"end":{"line":57,"column":43}}]},"5":{"line":55,"type":"cond-expr","locations":[{"start":{"line":56,"column":14},"end":{"line":56,"column":56}},{"start":{"line":57,"column":14},"end":{"line":57,"column":43}}]},"6":{"line":61,"type":"switch","locations":[{"start":{"line":68,"column":4},"end":{"line":150,"column":14},"skip":true},{"start":{"line":156,"column":4},"end":{"line":324,"column":14},"skip":true}]},"7":{"line":70,"type":"if","locations":[{"start":{"line":70,"column":12},"end":{"line":70,"column":12},"skip":true},{"start":{"line":70,"column":12},"end":{"line":70,"column":12},"skip":true}]},"8":{"line":70,"type":"binary-expr","locations":[{"start":{"line":70,"column":16},"end":{"line":70,"column":22},"skip":true},{"start":{"line":70,"column":27},"end":{"line":70,"column":32},"skip":true},{"start":{"line":71,"column":20},"end":{"line":71,"column":39},"skip":true},{"start":{"line":72,"column":20},"end":{"line":72,"column":49},"skip":true},{"start":{"line":73,"column":20},"end":{"line":73,"column":58},"skip":true},{"start":{"line":74,"column":20},"end":{"line":74,"column":69},"skip":true}]},"9":{"line":79,"type":"switch","locations":[{"start":{"line":80,"column":20},"end":{"line":80,"column":33},"skip":true},{"start":{"line":81,"column":20},"end":{"line":83,"column":30},"skip":true},{"start":{"line":84,"column":20},"end":{"line":85,"column":49},"skip":true}]},"10":{"line":89,"type":"switch","locations":[{"start":{"line":90,"column":12},"end":{"line":103,"column":22},"skip":true},{"start":{"line":105,"column":12},"end":{"line":106,"column":22},"skip":true}]},"11":{"line":89,"type":"binary-expr","locations":[{"start":{"line":89,"column":20},"end":{"line":89,"column":25},"skip":true},{"start":{"line":89,"column":29},"end":{"line":89,"column":48},"skip":true},{"start":{"line":89,"column":52},"end":{"line":89,"column":74},"skip":true}]},"12":{"line":92,"type":"if","locations":[{"start":{"line":92,"column":16},"end":{"line":92,"column":16},"skip":true},{"start":{"line":92,"column":16},"end":{"line":92,"column":16},"skip":true}]},"13":{"line":108,"type":"if","locations":[{"start":{"line":108,"column":12},"end":{"line":108,"column":12},"skip":true},{"start":{"line":108,"column":12},"end":{"line":108,"column":12},"skip":true}]},"14":{"line":108,"type":"binary-expr","locations":[{"start":{"line":108,"column":16},"end":{"line":108,"column":61},"skip":true},{"start":{"line":108,"column":66},"end":{"line":108,"column":72},"skip":true},{"start":{"line":108,"column":77},"end":{"line":108,"column":82},"skip":true},{"start":{"line":109,"column":20},"end":{"line":109,"column":39},"skip":true},{"start":{"line":110,"column":20},"end":{"line":110,"column":49},"skip":true},{"start":{"line":111,"column":20},"end":{"line":111,"column":58},"skip":true},{"start":{"line":112,"column":20},"end":{"line":112,"column":68},"skip":true}]},"15":{"line":129,"type":"if","locations":[{"start":{"line":129,"column":16},"end":{"line":129,"column":16},"skip":true},{"start":{"line":129,"column":16},"end":{"line":129,"column":16},"skip":true}]},"16":{"line":134,"type":"cond-expr","locations":[{"start":{"line":135,"column":26},"end":{"line":135,"column":29},"skip":true},{"start":{"line":136,"column":26},"end":{"line":136,"column":54},"skip":true}]},"17":{"line":164,"type":"binary-expr","locations":[{"start":{"line":164,"column":27},"end":{"line":164,"column":43},"skip":true},{"start":{"line":164,"column":47},"end":{"line":164,"column":49},"skip":true}]},"18":{"line":258,"type":"if","locations":[{"start":{"line":258,"column":8},"end":{"line":258,"column":8},"skip":true},{"start":{"line":258,"column":8},"end":{"line":258,"column":8},"skip":true}]},"19":{"line":275,"type":"switch","locations":[{"start":{"line":276,"column":20},"end":{"line":277,"column":64},"skip":true},{"start":{"line":278,"column":20},"end":{"line":279,"column":40},"skip":true},{"start":{"line":280,"column":20},"end":{"line":281,"column":40},"skip":true},{"start":{"line":282,"column":20},"end":{"line":283,"column":39},"skip":true}]},"20":{"line":288,"type":"if","locations":[{"start":{"line":288,"column":8},"end":{"line":288,"column":8},"skip":true},{"start":{"line":288,"column":8},"end":{"line":288,"column":8},"skip":true}]},"21":{"line":288,"type":"binary-expr","locations":[{"start":{"line":288,"column":12},"end":{"line":288,"column":40},"skip":true},{"start":{"line":288,"column":44},"end":{"line":288,"column":67},"skip":true}]},"22":{"line":292,"type":"binary-expr","locations":[{"start":{"line":292,"column":12},"end":{"line":292,"column":50},"skip":true},{"start":{"line":293,"column":12},"end":{"line":293,"column":53},"skip":true}]},"23":{"line":297,"type":"binary-expr","locations":[{"start":{"line":297,"column":12},"end":{"line":297,"column":70},"skip":true},{"start":{"line":298,"column":12},"end":{"line":301,"column":36},"skip":true}]},"24":{"line":303,"type":"binary-expr","locations":[{"start":{"line":303,"column":43},"end":{"line":303,"column":75},"skip":true},{"start":{"line":303,"column":79},"end":{"line":303,"column":81},"skip":true}]},"25":{"line":306,"type":"if","locations":[{"start":{"line":306,"column":8},"end":{"line":306,"column":8},"skip":true},{"start":{"line":306,"column":8},"end":{"line":306,"column":8},"skip":true}]},"26":{"line":310,"type":"if","locations":[{"start":{"line":310,"column":8},"end":{"line":310,"column":8},"skip":true},{"start":{"line":310,"column":8},"end":{"line":310,"column":8},"skip":true}]},"27":{"line":313,"type":"binary-expr","locations":[{"start":{"line":313,"column":27},"end":{"line":313,"column":43},"skip":true},{"start":{"line":313,"column":47},"end":{"line":313,"column":53},"skip":true}]},"28":{"line":317,"type":"if","locations":[{"start":{"line":317,"column":12},"end":{"line":317,"column":12},"skip":true},{"start":{"line":317,"column":12},"end":{"line":317,"column":12},"skip":true}]}},"code":["/*","example.js","","quickstart example","","instruction","    1. save this script as example.js","    2. run the shell command:","        $ npm install npmtest-redbox-react && PORT=8081 node example.js","    3. play with the browser-demo on http://127.0.0.1:8081","*/","","","","/* istanbul instrument in package npmtest_redbox_react */","/*jslint","    bitwise: true,","    browser: true,","    maxerr: 8,","    maxlen: 96,","    node: true,","    nomen: true,","    regexp: true,","    stupid: true","*/","(function () {","    'use strict';","    var local;","","","","    // run shared js-env code - init-before","    (function () {","        // init local","        local = {};","        // init modeJs","        local.modeJs = (function () {","            try {","                return typeof navigator.userAgent === 'string' &&","                    typeof document.querySelector('body') === 'object' &&","                    typeof XMLHttpRequest.prototype.open === 'function' &&","                    'browser';","            } catch (errorCaughtBrowser) {","                return module.exports &&","                    typeof process.versions.node === 'string' &&","                    typeof require('http').createServer === 'function' &&","                    'node';","            }","        }());","        // init global","        local.global = local.modeJs === 'browser'","            ? window","            : global;","        // init utility2_rollup","        local = local.global.utility2_rollup || (local.modeJs === 'browser'","            ? local.global.utility2_npmtest_redbox_react","            : global.utility2_moduleExports);","        // export local","        local.global.local = local;","    }());","    switch (local.modeJs) {","","","","    // init-after","    // run browser js-env code - init-after","    /* istanbul ignore next */","    case 'browser':","        local.testRunBrowser = function (event) {","            if (!event || (event &&","                    event.currentTarget &&","                    event.currentTarget.className &&","                    event.currentTarget.className.includes &&","                    event.currentTarget.className.includes('onreset'))) {","                // reset output","                Array.from(","                    document.querySelectorAll('body > .resettable')","                ).forEach(function (element) {","                    switch (element.tagName) {","                    case 'INPUT':","                    case 'TEXTAREA':","                        element.value = '';","                        break;","                    default:","                        element.textContent = '';","                    }","                });","            }","            switch (event && event.currentTarget && event.currentTarget.id) {","            case 'testRunButton1':","                // show tests","                if (document.querySelector('#testReportDiv1').style.display === 'none') {","                    document.querySelector('#testReportDiv1').style.display = 'block';","                    document.querySelector('#testRunButton1').textContent =","                        'hide internal test';","                    local.modeTest = true;","                    local.testRunDefault(local);","                // hide tests","                } else {","                    document.querySelector('#testReportDiv1').style.display = 'none';","                    document.querySelector('#testRunButton1').textContent = 'run internal test';","                }","                break;","            // custom-case","            default:","                break;","            }","            if (document.querySelector('#inputTextareaEval1') && (!event || (event &&","                    event.currentTarget &&","                    event.currentTarget.className &&","                    event.currentTarget.className.includes &&","                    event.currentTarget.className.includes('oneval')))) {","                // try to eval input-code","                try {","                    /*jslint evil: true*/","                    eval(document.querySelector('#inputTextareaEval1').value);","                } catch (errorCaught) {","                    console.error(errorCaught);","                }","            }","        };","        // log stderr and stdout to #outputTextareaStdout1","        ['error', 'log'].forEach(function (key) {","            console[key + '_original'] = console[key];","            console[key] = function () {","                var element;","                console[key + '_original'].apply(console, arguments);","                element = document.querySelector('#outputTextareaStdout1');","                if (!element) {","                    return;","                }","                // append text to #outputTextareaStdout1","                element.value += Array.from(arguments).map(function (arg) {","                    return typeof arg === 'string'","                        ? arg","                        : JSON.stringify(arg, null, 4);","                }).join(' ') + '\\n';","                // scroll textarea to bottom","                element.scrollTop = element.scrollHeight;","            };","        });","        // init event-handling","        ['change', 'click', 'keyup'].forEach(function (event) {","            Array.from(document.querySelectorAll('.on' + event)).forEach(function (element) {","                element.addEventListener(event, local.testRunBrowser);","            });","        });","        // run tests","        local.testRunBrowser();","        break;","","","","    // run node js-env code - init-after","    /* istanbul ignore next */","    case 'node':","        // export local","        module.exports = local;","        // require modules","        local.fs = require('fs');","        local.http = require('http');","        local.url = require('url');","        // init assets","        local.assetsDict = local.assetsDict || {};","        /* jslint-ignore-begin */","        local.assetsDict['/assets.index.template.html'] = '\\","<!doctype html>\\n\\","<html lang=\"en\">\\n\\","<head>\\n\\","<meta charset=\"UTF-8\">\\n\\","<meta name=\"viewport\" content=\"width=device-width, initial-scale=1\">\\n\\","<title>{{env.npm_package_name}} (v{{env.npm_package_version}})</title>\\n\\","<style>\\n\\","/*csslint\\n\\","    box-sizing: false,\\n\\","    universal-selector: false\\n\\","*/\\n\\","* {\\n\\","    box-sizing: border-box;\\n\\","}\\n\\","body {\\n\\","    background: #dde;\\n\\","    font-family: Arial, Helvetica, sans-serif;\\n\\","    margin: 2rem;\\n\\","}\\n\\","body > * {\\n\\","    margin-bottom: 1rem;\\n\\","}\\n\\",".utility2FooterDiv {\\n\\","    margin-top: 20px;\\n\\","    text-align: center;\\n\\","}\\n\\","</style>\\n\\","<style>\\n\\","/*csslint\\n\\","*/\\n\\","textarea {\\n\\","    font-family: monospace;\\n\\","    height: 10rem;\\n\\","    width: 100%;\\n\\","}\\n\\","textarea[readonly] {\\n\\","    background: #ddd;\\n\\","}\\n\\","</style>\\n\\","</head>\\n\\","<body>\\n\\","<!-- utility2-comment\\n\\","<div id=\"ajaxProgressDiv1\" style=\"background: #d00; height: 2px; left: 0; margin: 0; padding: 0; position: fixed; top: 0; transition: background 0.5s, width 1.5s; width: 25%;\"></div>\\n\\","utility2-comment -->\\n\\","<h1>\\n\\","<!-- utility2-comment\\n\\","    <a\\n\\","        {{#if env.npm_package_homepage}}\\n\\","        href=\"{{env.npm_package_homepage}}\"\\n\\","        {{/if env.npm_package_homepage}}\\n\\","        target=\"_blank\"\\n\\","    >\\n\\","utility2-comment -->\\n\\","        {{env.npm_package_name}} (v{{env.npm_package_version}})\\n\\","<!-- utility2-comment\\n\\","    </a>\\n\\","utility2-comment -->\\n\\","</h1>\\n\\","<h3>{{env.npm_package_description}}</h3>\\n\\","<!-- utility2-comment\\n\\","<h4><a download href=\"assets.app.js\">download standalone app</a></h4>\\n\\","<button class=\"onclick onreset\" id=\"testRunButton1\">run internal test</button><br>\\n\\","<div id=\"testReportDiv1\" style=\"display: none;\"></div>\\n\\","utility2-comment -->\\n\\","\\n\\","\\n\\","\\n\\","<label>stderr and stdout</label>\\n\\","<textarea class=\"resettable\" id=\"outputTextareaStdout1\" readonly></textarea>\\n\\","<!-- utility2-comment\\n\\","{{#if isRollup}}\\n\\","<script src=\"assets.app.js\"></script>\\n\\","{{#unless isRollup}}\\n\\","utility2-comment -->\\n\\","<script src=\"assets.utility2.rollup.js\"></script>\\n\\","<script src=\"jsonp.utility2._stateInit?callback=window.utility2._stateInit\"></script>\\n\\","<script src=\"assets.npmtest_redbox_react.rollup.js\"></script>\\n\\","<script src=\"assets.example.js\"></script>\\n\\","<script src=\"assets.test.js\"></script>\\n\\","<!-- utility2-comment\\n\\","{{/if isRollup}}\\n\\","utility2-comment -->\\n\\","<div class=\"utility2FooterDiv\">\\n\\","    [ this app was created with\\n\\","    <a href=\"https://github.com/kaizhu256/node-utility2\" target=\"_blank\">utility2</a>\\n\\","    ]\\n\\","</div>\\n\\","</body>\\n\\","</html>\\n\\","';","        /* jslint-ignore-end */","        if (local.templateRender) {","            local.assetsDict['/'] = local.templateRender(","                local.assetsDict['/assets.index.template.html'],","                {","                    env: local.objectSetDefault(local.env, {","                        npm_package_description: 'the greatest app in the world!',","                        npm_package_name: 'my-app',","                        npm_package_nameAlias: 'my_app',","                        npm_package_version: '0.0.1'","                    })","                }","            );","        } else {","            local.assetsDict['/'] = local.assetsDict['/assets.index.template.html']","                .replace((/\\{\\{env\\.(\\w+?)\\}\\}/g), function (match0, match1) {","                    // jslint-hack","                    String(match0);","                    switch (match1) {","                    case 'npm_package_description':","                        return 'the greatest app in the world!';","                    case 'npm_package_name':","                        return 'my-app';","                    case 'npm_package_nameAlias':","                        return 'my_app';","                    case 'npm_package_version':","                        return '0.0.1';","                    }","                });","        }","        // run the cli","        if (local.global.utility2_rollup || module !== require.main) {","            break;","        }","        local.assetsDict['/assets.example.js'] =","            local.assetsDict['/assets.example.js'] ||","            local.fs.readFileSync(__filename, 'utf8');","        // bug-workaround - long $npm_package_buildCustomOrg","        /* jslint-ignore-begin */","        local.assetsDict['/assets.npmtest_redbox_react.rollup.js'] =","            local.assetsDict['/assets.npmtest_redbox_react.rollup.js'] ||","            local.fs.readFileSync(","                local.npmtest_redbox_react.__dirname + '/lib.npmtest_redbox_react.js',","                'utf8'","            ).replace((/^#!/), '//');","        /* jslint-ignore-end */","        local.assetsDict['/favicon.ico'] = local.assetsDict['/favicon.ico'] || '';","        // if $npm_config_timeout_exit exists,","        // then exit this process after $npm_config_timeout_exit ms","        if (Number(process.env.npm_config_timeout_exit)) {","            setTimeout(process.exit, Number(process.env.npm_config_timeout_exit));","        }","        // start server","        if (local.global.utility2_serverHttp1) {","            break;","        }","        process.env.PORT = process.env.PORT || '8081';","        console.error('server starting on port ' + process.env.PORT);","        local.http.createServer(function (request, response) {","            request.urlParsed = local.url.parse(request.url);","            if (local.assetsDict[request.urlParsed.pathname] !== undefined) {","                response.end(local.assetsDict[request.urlParsed.pathname]);","                return;","            }","            response.statusCode = 404;","            response.end();","        }).listen(process.env.PORT);","        break;","    }","}());",""],"l":{"26":2,"28":2,"33":2,"35":2,"37":2,"38":2,"39":2,"44":1,"51":2,"55":2,"59":2,"61":2,"69":1,"70":2,"76":2,"79":2,"82":2,"83":2,"85":1,"89":2,"92":1,"93":1,"94":1,"96":1,"97":1,"100":1,"101":1,"103":1,"106":1,"108":2,"114":1,"116":1,"118":1,"123":1,"124":2,"125":2,"126":3,"127":3,"128":3,"129":3,"130":1,"133":3,"134":3,"139":3,"143":1,"144":3,"145":1,"149":1,"150":1,"158":1,"160":1,"161":1,"162":1,"164":1,"166":1,"258":1,"259":1,"271":1,"274":6,"275":6,"277":1,"279":2,"281":1,"283":2,"288":1,"289":1,"291":1,"296":1,"303":1,"306":1,"307":1,"310":1,"311":1,"313":1,"314":1,"315":1,"316":1,"317":1,"318":1,"319":1,"321":1,"322":1,"324":1}},"/home/travis/build/npmtest/node-npmtest-redbox-react/node_modules/redbox-react/lib/index.js":{"path":"/home/travis/build/npmtest/node-npmtest-redbox-react/node_modules/redbox-react/lib/index.js","s":{"1":1,"2":1,"3":1,"4":1,"5":0,"6":1,"7":1,"8":2,"9":7,"10":7,"11":7,"12":7,"13":7,"14":7,"15":1,"16":2,"17":2,"18":2,"19":0,"20":2,"21":1,"22":1,"23":1,"24":1,"25":1,"26":1,"27":1,"28":1,"29":1,"30":1,"31":1,"32":1,"33":1,"34":1,"35":6,"36":1,"37":0,"38":0,"39":1,"40":0,"41":0,"42":0,"43":1,"44":2,"45":0,"46":2,"47":2,"48":2,"49":1,"50":1,"51":1,"52":0,"53":0,"54":1,"55":0,"56":0,"57":0,"58":0,"59":0,"60":0,"61":0,"62":0,"63":0,"64":0,"65":0,"66":0,"67":0,"68":0,"69":0,"70":0,"71":0,"72":0,"73":0,"74":0,"75":0,"76":0,"77":0,"78":0,"79":1,"80":1,"81":1,"82":1,"83":1,"84":1,"85":1,"86":0,"87":0,"88":1,"89":0,"90":0,"91":0,"92":0,"93":0,"94":0,"95":0,"96":0,"97":0,"98":1,"99":1,"100":1,"101":1,"102":1,"103":1,"104":1,"105":1,"106":1,"107":7,"108":1,"109":1,"110":1,"111":1,"112":1,"113":1,"114":1,"115":1,"116":10,"117":10,"118":0,"119":0,"120":0,"121":0,"122":1,"123":10,"124":8,"125":0,"126":0,"127":0,"128":0,"129":0,"130":0,"131":2,"132":0,"133":0,"134":0,"135":0,"136":1,"137":0,"138":0,"139":0,"140":1,"141":0,"142":0,"143":1,"144":0,"145":0,"146":0,"147":0,"148":1,"149":0,"150":0,"151":0,"152":0,"153":0,"154":0,"155":0,"156":0,"157":1,"158":0,"159":1,"160":0,"161":0,"162":1,"163":0,"164":0,"165":0,"166":0,"167":0,"168":0,"169":0,"170":0,"171":0,"172":0,"173":0,"174":1,"175":1,"176":8,"177":1,"178":1,"179":1,"180":1,"181":1,"182":1,"183":1,"184":1,"185":1,"186":1,"187":1,"188":1,"189":1,"190":1,"191":1},"b":{"1":[1,0],"2":[1,1],"3":[0,0],"4":[0,0,0,0],"5":[7,7],"6":[7,0],"7":[2,0],"8":[0,2],"9":[1,5],"10":[6,6],"11":[0,0],"12":[0,0],"13":[0,0],"14":[0,0,0],"15":[0,2],"16":[2,0],"17":[2,2],"18":[2,0],"19":[2,0],"20":[0,0],"21":[0,0],"22":[0,0,0],"23":[0,0],"24":[0,0],"25":[0,0],"26":[0,0],"27":[10,0],"28":[10,0],"29":[0,0],"30":[8,0,0,0,0,0,0,2,0,0,0],"31":[0,0],"32":[0,0],"33":[0,0],"34":[0,0],"35":[0,0],"36":[0,0],"37":[0,0],"38":[0,0],"39":[0,0],"40":[0,1],"41":[1,0],"42":[1,1,1]},"f":{"1":1,"2":0,"3":1,"4":2,"5":2,"6":6,"7":0,"8":0,"9":2,"10":1,"11":0,"12":0,"13":0,"14":0,"15":1,"16":0,"17":0,"18":0,"19":0,"20":0,"21":0,"22":1,"23":7,"24":10,"25":10,"26":0,"27":0,"28":0,"29":0,"30":0,"31":0,"32":0,"33":0,"34":0,"35":0,"36":0,"37":0,"38":8},"fnMap":{"1":{"name":"(anonymous_1)","line":8,"loc":{"start":{"line":8,"column":84},"end":{"line":8,"column":99}}},"2":{"name":"(anonymous_2)","line":8,"loc":{"start":{"line":8,"column":124},"end":{"line":8,"column":139}}},"3":{"name":"(anonymous_3)","line":10,"loc":{"start":{"line":10,"column":19},"end":{"line":10,"column":31}}},"4":{"name":"defineProperties","line":10,"loc":{"start":{"line":10,"column":33},"end":{"line":10,"column":74}}},"5":{"name":"(anonymous_5)","line":10,"loc":{"start":{"line":10,"column":357},"end":{"line":10,"column":405}}},"6":{"name":"_interopRequireDefault","line":38,"loc":{"start":{"line":38,"column":0},"end":{"line":38,"column":37}}},"7":{"name":"_classCallCheck","line":40,"loc":{"start":{"line":40,"column":0},"end":{"line":40,"column":48}}},"8":{"name":"_possibleConstructorReturn","line":42,"loc":{"start":{"line":42,"column":0},"end":{"line":42,"column":48}}},"9":{"name":"_inherits","line":44,"loc":{"start":{"line":44,"column":0},"end":{"line":44,"column":41}}},"10":{"name":"(anonymous_10)","line":46,"loc":{"start":{"line":46,"column":40},"end":{"line":46,"column":59}}},"11":{"name":"RedBoxError","line":49,"loc":{"start":{"line":49,"column":2},"end":{"line":49,"column":25}}},"12":{"name":"renderFrames","line":57,"loc":{"start":{"line":57,"column":11},"end":{"line":57,"column":41}}},"13":{"name":"(anonymous_13)","line":69,"loc":{"start":{"line":69,"column":24},"end":{"line":69,"column":44}}},"14":{"name":"render","line":105,"loc":{"start":{"line":105,"column":11},"end":{"line":105,"column":29}}},"15":{"name":"(anonymous_15)","line":179,"loc":{"start":{"line":179,"column":13},"end":{"line":179,"column":32}}},"16":{"name":"RedBox","line":182,"loc":{"start":{"line":182,"column":2},"end":{"line":182,"column":20}}},"17":{"name":"componentDidMount","line":190,"loc":{"start":{"line":190,"column":11},"end":{"line":190,"column":40}}},"18":{"name":"componentDidUpdate","line":197,"loc":{"start":{"line":197,"column":11},"end":{"line":197,"column":41}}},"19":{"name":"componentWillUnmount","line":202,"loc":{"start":{"line":202,"column":11},"end":{"line":202,"column":43}}},"20":{"name":"renderRedBoxError","line":209,"loc":{"start":{"line":209,"column":11},"end":{"line":209,"column":40}}},"21":{"name":"render","line":214,"loc":{"start":{"line":214,"column":11},"end":{"line":214,"column":29}}},"22":{"name":"(anonymous_22)","line":233,"loc":{"start":{"line":233,"column":1},"end":{"line":233,"column":13}}},"23":{"name":"addPropertyToAPIObject","line":234,"loc":{"start":{"line":234,"column":2},"end":{"line":234,"column":47}}},"24":{"name":"_get__","line":251,"loc":{"start":{"line":251,"column":0},"end":{"line":251,"column":30}}},"25":{"name":"_get_original__","line":265,"loc":{"start":{"line":265,"column":0},"end":{"line":265,"column":39}}},"26":{"name":"_assign__","line":304,"loc":{"start":{"line":304,"column":0},"end":{"line":304,"column":40}}},"27":{"name":"_set_original__","line":312,"loc":{"start":{"line":312,"column":0},"end":{"line":312,"column":47}}},"28":{"name":"_update_operation__","line":318,"loc":{"start":{"line":318,"column":0},"end":{"line":318,"column":62}}},"29":{"name":"_set__","line":328,"loc":{"start":{"line":328,"column":0},"end":{"line":328,"column":37}}},"30":{"name":"(anonymous_30)","line":330,"loc":{"start":{"line":330,"column":38},"end":{"line":330,"column":54}}},"31":{"name":"(anonymous_31)","line":340,"loc":{"start":{"line":340,"column":11},"end":{"line":340,"column":23}}},"32":{"name":"_reset__","line":346,"loc":{"start":{"line":346,"column":0},"end":{"line":346,"column":32}}},"33":{"name":"_with__","line":350,"loc":{"start":{"line":350,"column":0},"end":{"line":350,"column":25}}},"34":{"name":"reset","line":354,"loc":{"start":{"line":354,"column":2},"end":{"line":354,"column":19}}},"35":{"name":"(anonymous_35)","line":355,"loc":{"start":{"line":355,"column":33},"end":{"line":355,"column":57}}},"36":{"name":"(anonymous_36)","line":360,"loc":{"start":{"line":360,"column":9},"end":{"line":360,"column":29}}},"37":{"name":"(anonymous_37)","line":361,"loc":{"start":{"line":361,"column":33},"end":{"line":361,"column":57}}},"38":{"name":"addNonEnumerableProperty","line":379,"loc":{"start":{"line":379,"column":0},"end":{"line":379,"column":47}}}},"statementMap":{"1":{"start":{"line":3,"column":0},"end":{"line":5,"column":3}},"2":{"start":{"line":6,"column":0},"end":{"line":6,"column":171}},"3":{"start":{"line":8,"column":0},"end":{"line":8,"column":269}},"4":{"start":{"line":8,"column":101},"end":{"line":8,"column":119}},"5":{"start":{"line":8,"column":141},"end":{"line":8,"column":266}},"6":{"start":{"line":10,"column":0},"end":{"line":10,"column":564}},"7":{"start":{"line":10,"column":33},"end":{"line":10,"column":349}},"8":{"start":{"line":10,"column":76},"end":{"line":10,"column":347}},"9":{"start":{"line":10,"column":117},"end":{"line":10,"column":143}},"10":{"start":{"line":10,"column":144},"end":{"line":10,"column":199}},"11":{"start":{"line":10,"column":200},"end":{"line":10,"column":231}},"12":{"start":{"line":10,"column":232},"end":{"line":10,"column":286}},"13":{"start":{"line":10,"column":259},"end":{"line":10,"column":286}},"14":{"start":{"line":10,"column":287},"end":{"line":10,"column":345}},"15":{"start":{"line":10,"column":350},"end":{"line":10,"column":559}},"16":{"start":{"line":10,"column":407},"end":{"line":10,"column":475}},"17":{"start":{"line":10,"column":423},"end":{"line":10,"column":475}},"18":{"start":{"line":10,"column":476},"end":{"line":10,"column":536}},"19":{"start":{"line":10,"column":493},"end":{"line":10,"column":536}},"20":{"start":{"line":10,"column":537},"end":{"line":10,"column":556}},"21":{"start":{"line":12,"column":0},"end":{"line":12,"column":39}},"22":{"start":{"line":14,"column":0},"end":{"line":14,"column":53}},"23":{"start":{"line":16,"column":0},"end":{"line":16,"column":30}},"24":{"start":{"line":18,"column":0},"end":{"line":18,"column":45}},"25":{"start":{"line":20,"column":0},"end":{"line":20,"column":37}},"26":{"start":{"line":22,"column":0},"end":{"line":22,"column":51}},"27":{"start":{"line":24,"column":0},"end":{"line":24,"column":35}},"28":{"start":{"line":26,"column":0},"end":{"line":26,"column":45}},"29":{"start":{"line":28,"column":0},"end":{"line":28,"column":54}},"30":{"start":{"line":30,"column":0},"end":{"line":30,"column":67}},"31":{"start":{"line":32,"column":0},"end":{"line":32,"column":45}},"32":{"start":{"line":34,"column":0},"end":{"line":34,"column":59}},"33":{"start":{"line":36,"column":0},"end":{"line":36,"column":28}},"34":{"start":{"line":38,"column":0},"end":{"line":38,"column":95}},"35":{"start":{"line":38,"column":39},"end":{"line":38,"column":93}},"36":{"start":{"line":40,"column":0},"end":{"line":40,"column":153}},"37":{"start":{"line":40,"column":50},"end":{"line":40,"column":151}},"38":{"start":{"line":40,"column":92},"end":{"line":40,"column":149}},"39":{"start":{"line":42,"column":0},"end":{"line":42,"column":240}},"40":{"start":{"line":42,"column":50},"end":{"line":42,"column":151}},"41":{"start":{"line":42,"column":63},"end":{"line":42,"column":149}},"42":{"start":{"line":42,"column":152},"end":{"line":42,"column":238}},"43":{"start":{"line":44,"column":0},"end":{"line":44,"column":494}},"44":{"start":{"line":44,"column":43},"end":{"line":44,"column":208}},"45":{"start":{"line":44,"column":106},"end":{"line":44,"column":206}},"46":{"start":{"line":44,"column":209},"end":{"line":44,"column":373}},"47":{"start":{"line":44,"column":374},"end":{"line":44,"column":492}},"48":{"start":{"line":44,"column":390},"end":{"line":44,"column":492}},"49":{"start":{"line":46,"column":0},"end":{"line":158,"column":23}},"50":{"start":{"line":47,"column":2},"end":{"line":47,"column":34}},"51":{"start":{"line":49,"column":2},"end":{"line":53,"column":3}},"52":{"start":{"line":50,"column":4},"end":{"line":50,"column":39}},"53":{"start":{"line":52,"column":4},"end":{"line":52,"column":130}},"54":{"start":{"line":55,"column":2},"end":{"line":155,"column":6}},"55":{"start":{"line":58,"column":6},"end":{"line":62,"column":41}},"56":{"start":{"line":64,"column":6},"end":{"line":67,"column":42}},"57":{"start":{"line":69,"column":6},"end":{"line":101,"column":9}},"58":{"start":{"line":70,"column":8},"end":{"line":70,"column":26}},"59":{"start":{"line":71,"column":8},"end":{"line":71,"column":25}},"60":{"start":{"line":73,"column":8},"end":{"line":81,"column":9}},"61":{"start":{"line":74,"column":10},"end":{"line":74,"column":58}},"62":{"start":{"line":75,"column":10},"end":{"line":75,"column":50}},"63":{"start":{"line":77,"column":10},"end":{"line":77,"column":53}},"64":{"start":{"line":78,"column":10},"end":{"line":78,"column":59}},"65":{"start":{"line":79,"column":10},"end":{"line":79,"column":76}},"66":{"start":{"line":80,"column":10},"end":{"line":80,"column":68}},"67":{"start":{"line":83,"column":8},"end":{"line":100,"column":10}},"68":{"start":{"line":106,"column":6},"end":{"line":108,"column":40}},"69":{"start":{"line":110,"column":6},"end":{"line":114,"column":32}},"70":{"start":{"line":116,"column":6},"end":{"line":116,"column":26}},"71":{"start":{"line":117,"column":6},"end":{"line":117,"column":30}},"72":{"start":{"line":118,"column":6},"end":{"line":122,"column":7}},"73":{"start":{"line":119,"column":8},"end":{"line":119,"column":57}},"74":{"start":{"line":121,"column":8},"end":{"line":121,"column":100}},"75":{"start":{"line":124,"column":6},"end":{"line":136,"column":7}},"76":{"start":{"line":125,"column":8},"end":{"line":133,"column":10}},"77":{"start":{"line":135,"column":8},"end":{"line":135,"column":43}},"78":{"start":{"line":138,"column":6},"end":{"line":153,"column":8}},"79":{"start":{"line":157,"column":2},"end":{"line":157,"column":21}},"80":{"start":{"line":164,"column":0},"end":{"line":172,"column":2}},"81":{"start":{"line":173,"column":0},"end":{"line":173,"column":40}},"82":{"start":{"line":174,"column":0},"end":{"line":177,"column":2}},"83":{"start":{"line":179,"column":0},"end":{"line":220,"column":23}},"84":{"start":{"line":180,"column":2},"end":{"line":180,"column":29}},"85":{"start":{"line":182,"column":2},"end":{"line":186,"column":3}},"86":{"start":{"line":183,"column":4},"end":{"line":183,"column":34}},"87":{"start":{"line":185,"column":4},"end":{"line":185,"column":120}},"88":{"start":{"line":188,"column":2},"end":{"line":217,"column":6}},"89":{"start":{"line":191,"column":6},"end":{"line":191,"column":46}},"90":{"start":{"line":192,"column":6},"end":{"line":192,"column":41}},"91":{"start":{"line":193,"column":6},"end":{"line":193,"column":31}},"92":{"start":{"line":198,"column":6},"end":{"line":198,"column":31}},"93":{"start":{"line":203,"column":6},"end":{"line":203,"column":57}},"94":{"start":{"line":204,"column":6},"end":{"line":204,"column":41}},"95":{"start":{"line":205,"column":6},"end":{"line":205,"column":21}},"96":{"start":{"line":210,"column":6},"end":{"line":210,"column":107}},"97":{"start":{"line":215,"column":6},"end":{"line":215,"column":18}},"98":{"start":{"line":219,"column":2},"end":{"line":219,"column":16}},"99":{"start":{"line":222,"column":0},"end":{"line":224,"column":2}},"100":{"start":{"line":225,"column":0},"end":{"line":225,"column":30}},"101":{"start":{"line":226,"column":0},"end":{"line":226,"column":25}},"102":{"start":{"line":228,"column":0},"end":{"line":228,"column":41}},"103":{"start":{"line":230,"column":0},"end":{"line":230,"column":56}},"104":{"start":{"line":231,"column":0},"end":{"line":231,"column":22}},"105":{"start":{"line":233,"column":0},"end":{"line":249,"column":5}},"106":{"start":{"line":234,"column":2},"end":{"line":240,"column":3}},"107":{"start":{"line":235,"column":4},"end":{"line":239,"column":7}},"108":{"start":{"line":242,"column":2},"end":{"line":242,"column":44}},"109":{"start":{"line":243,"column":2},"end":{"line":243,"column":54}},"110":{"start":{"line":244,"column":2},"end":{"line":244,"column":47}},"111":{"start":{"line":245,"column":2},"end":{"line":245,"column":44}},"112":{"start":{"line":246,"column":2},"end":{"line":246,"column":48}},"113":{"start":{"line":247,"column":2},"end":{"line":247,"column":58}},"114":{"start":{"line":248,"column":2},"end":{"line":248,"column":46}},"115":{"start":{"line":251,"column":0},"end":{"line":263,"column":1}},"116":{"start":{"line":252,"column":2},"end":{"line":262,"column":3}},"117":{"start":{"line":253,"column":4},"end":{"line":253,"column":41}},"118":{"start":{"line":255,"column":4},"end":{"line":255,"column":45}},"119":{"start":{"line":257,"column":4},"end":{"line":261,"column":5}},"120":{"start":{"line":258,"column":6},"end":{"line":258,"column":23}},"121":{"start":{"line":260,"column":6},"end":{"line":260,"column":19}},"122":{"start":{"line":265,"column":0},"end":{"line":302,"column":1}},"123":{"start":{"line":266,"column":2},"end":{"line":299,"column":3}},"124":{"start":{"line":268,"column":6},"end":{"line":268,"column":33}},"125":{"start":{"line":271,"column":6},"end":{"line":271,"column":36}},"126":{"start":{"line":274,"column":6},"end":{"line":274,"column":29}},"127":{"start":{"line":277,"column":6},"end":{"line":277,"column":37}},"128":{"start":{"line":280,"column":6},"end":{"line":280,"column":26}},"129":{"start":{"line":283,"column":6},"end":{"line":283,"column":31}},"130":{"start":{"line":286,"column":6},"end":{"line":286,"column":40}},"131":{"start":{"line":289,"column":6},"end":{"line":289,"column":30}},"132":{"start":{"line":292,"column":6},"end":{"line":292,"column":32}},"133":{"start":{"line":295,"column":6},"end":{"line":295,"column":29}},"134":{"start":{"line":298,"column":6},"end":{"line":298,"column":25}},"135":{"start":{"line":301,"column":2},"end":{"line":301,"column":19}},"136":{"start":{"line":304,"column":0},"end":{"line":310,"column":1}},"137":{"start":{"line":305,"column":2},"end":{"line":309,"column":3}},"138":{"start":{"line":306,"column":4},"end":{"line":306,"column":48}},"139":{"start":{"line":308,"column":4},"end":{"line":308,"column":48}},"140":{"start":{"line":312,"column":0},"end":{"line":316,"column":1}},"141":{"start":{"line":313,"column":2},"end":{"line":313,"column":26}},"142":{"start":{"line":315,"column":2},"end":{"line":315,"column":19}},"143":{"start":{"line":318,"column":0},"end":{"line":326,"column":1}},"144":{"start":{"line":319,"column":2},"end":{"line":319,"column":38}},"145":{"start":{"line":321,"column":2},"end":{"line":321,"column":66}},"146":{"start":{"line":323,"column":2},"end":{"line":323,"column":36}},"147":{"start":{"line":325,"column":2},"end":{"line":325,"column":38}},"148":{"start":{"line":328,"column":0},"end":{"line":344,"column":1}},"149":{"start":{"line":329,"column":2},"end":{"line":343,"column":3}},"150":{"start":{"line":330,"column":4},"end":{"line":332,"column":7}},"151":{"start":{"line":331,"column":6},"end":{"line":331,"column":48}},"152":{"start":{"line":334,"column":4},"end":{"line":338,"column":5}},"153":{"start":{"line":335,"column":6},"end":{"line":335,"column":59}},"154":{"start":{"line":337,"column":6},"end":{"line":337,"column":43}},"155":{"start":{"line":340,"column":4},"end":{"line":342,"column":6}},"156":{"start":{"line":341,"column":6},"end":{"line":341,"column":29}},"157":{"start":{"line":346,"column":0},"end":{"line":348,"column":1}},"158":{"start":{"line":347,"column":2},"end":{"line":347,"column":38}},"159":{"start":{"line":350,"column":0},"end":{"line":375,"column":1}},"160":{"start":{"line":351,"column":2},"end":{"line":351,"column":49}},"161":{"start":{"line":352,"column":2},"end":{"line":352,"column":26}},"162":{"start":{"line":354,"column":2},"end":{"line":358,"column":3}},"163":{"start":{"line":355,"column":4},"end":{"line":357,"column":7}},"164":{"start":{"line":356,"column":6},"end":{"line":356,"column":66}},"165":{"start":{"line":360,"column":2},"end":{"line":374,"column":4}},"166":{"start":{"line":361,"column":4},"end":{"line":364,"column":7}},"167":{"start":{"line":362,"column":6},"end":{"line":362,"column":66}},"168":{"start":{"line":363,"column":6},"end":{"line":363,"column":58}},"169":{"start":{"line":365,"column":4},"end":{"line":365,"column":28}},"170":{"start":{"line":367,"column":4},"end":{"line":371,"column":5}},"171":{"start":{"line":368,"column":6},"end":{"line":368,"column":38}},"172":{"start":{"line":370,"column":6},"end":{"line":370,"column":14}},"173":{"start":{"line":373,"column":4},"end":{"line":373,"column":18}},"174":{"start":{"line":377,"column":0},"end":{"line":377,"column":90}},"175":{"start":{"line":379,"column":0},"end":{"line":385,"column":1}},"176":{"start":{"line":380,"column":2},"end":{"line":384,"column":5}},"177":{"start":{"line":387,"column":0},"end":{"line":396,"column":1}},"178":{"start":{"line":388,"column":2},"end":{"line":388,"column":46}},"179":{"start":{"line":389,"column":2},"end":{"line":389,"column":56}},"180":{"start":{"line":390,"column":2},"end":{"line":390,"column":49}},"181":{"start":{"line":391,"column":2},"end":{"line":391,"column":46}},"182":{"start":{"line":392,"column":2},"end":{"line":392,"column":50}},"183":{"start":{"line":393,"column":2},"end":{"line":393,"column":60}},"184":{"start":{"line":394,"column":2},"end":{"line":394,"column":48}},"185":{"start":{"line":395,"column":2},"end":{"line":395,"column":58}},"186":{"start":{"line":398,"column":0},"end":{"line":398,"column":25}},"187":{"start":{"line":399,"column":0},"end":{"line":399,"column":35}},"188":{"start":{"line":400,"column":0},"end":{"line":400,"column":28}},"189":{"start":{"line":401,"column":0},"end":{"line":401,"column":25}},"190":{"start":{"line":402,"column":0},"end":{"line":402,"column":39}},"191":{"start":{"line":403,"column":0},"end":{"line":403,"column":37}}},"branchMap":{"1":{"line":8,"type":"cond-expr","locations":[{"start":{"line":8,"column":84},"end":{"line":8,"column":121}},{"start":{"line":8,"column":124},"end":{"line":8,"column":268}}]},"2":{"line":8,"type":"binary-expr","locations":[{"start":{"line":8,"column":14},"end":{"line":8,"column":42}},{"start":{"line":8,"column":46},"end":{"line":8,"column":81}}]},"3":{"line":8,"type":"cond-expr","locations":[{"start":{"line":8,"column":244},"end":{"line":8,"column":252}},{"start":{"line":8,"column":255},"end":{"line":8,"column":265}}]},"4":{"line":8,"type":"binary-expr","locations":[{"start":{"line":8,"column":148},"end":{"line":8,"column":151}},{"start":{"line":8,"column":155},"end":{"line":8,"column":183}},{"start":{"line":8,"column":187},"end":{"line":8,"column":213}},{"start":{"line":8,"column":217},"end":{"line":8,"column":241}}]},"5":{"line":10,"type":"binary-expr","locations":[{"start":{"line":10,"column":168},"end":{"line":10,"column":189}},{"start":{"line":10,"column":193},"end":{"line":10,"column":198}}]},"6":{"line":10,"type":"if","locations":[{"start":{"line":10,"column":232},"end":{"line":10,"column":232}},{"start":{"line":10,"column":232},"end":{"line":10,"column":232}}]},"7":{"line":10,"type":"if","locations":[{"start":{"line":10,"column":407},"end":{"line":10,"column":407}},{"start":{"line":10,"column":407},"end":{"line":10,"column":407}}]},"8":{"line":10,"type":"if","locations":[{"start":{"line":10,"column":476},"end":{"line":10,"column":476}},{"start":{"line":10,"column":476},"end":{"line":10,"column":476}}]},"9":{"line":38,"type":"cond-expr","locations":[{"start":{"line":38,"column":70},"end":{"line":38,"column":73}},{"start":{"line":38,"column":76},"end":{"line":38,"column":92}}]},"10":{"line":38,"type":"binary-expr","locations":[{"start":{"line":38,"column":46},"end":{"line":38,"column":49}},{"start":{"line":38,"column":53},"end":{"line":38,"column":67}}]},"11":{"line":40,"type":"if","locations":[{"start":{"line":40,"column":50},"end":{"line":40,"column":50}},{"start":{"line":40,"column":50},"end":{"line":40,"column":50}}]},"12":{"line":42,"type":"if","locations":[{"start":{"line":42,"column":50},"end":{"line":42,"column":50}},{"start":{"line":42,"column":50},"end":{"line":42,"column":50}}]},"13":{"line":42,"type":"cond-expr","locations":[{"start":{"line":42,"column":226},"end":{"line":42,"column":230}},{"start":{"line":42,"column":233},"end":{"line":42,"column":237}}]},"14":{"line":42,"type":"binary-expr","locations":[{"start":{"line":42,"column":159},"end":{"line":42,"column":163}},{"start":{"line":42,"column":168},"end":{"line":42,"column":192}},{"start":{"line":42,"column":196},"end":{"line":42,"column":222}}]},"15":{"line":44,"type":"if","locations":[{"start":{"line":44,"column":43},"end":{"line":44,"column":43}},{"start":{"line":44,"column":43},"end":{"line":44,"column":43}}]},"16":{"line":44,"type":"binary-expr","locations":[{"start":{"line":44,"column":47},"end":{"line":44,"column":79}},{"start":{"line":44,"column":83},"end":{"line":44,"column":102}}]},"17":{"line":44,"type":"binary-expr","locations":[{"start":{"line":44,"column":244},"end":{"line":44,"column":254}},{"start":{"line":44,"column":258},"end":{"line":44,"column":278}}]},"18":{"line":44,"type":"if","locations":[{"start":{"line":44,"column":374},"end":{"line":44,"column":374}},{"start":{"line":44,"column":374},"end":{"line":44,"column":374}}]},"19":{"line":44,"type":"cond-expr","locations":[{"start":{"line":44,"column":414},"end":{"line":44,"column":457}},{"start":{"line":44,"column":460},"end":{"line":44,"column":491}}]},"20":{"line":52,"type":"binary-expr","locations":[{"start":{"line":52,"column":45},"end":{"line":52,"column":66}},{"start":{"line":52,"column":70},"end":{"line":52,"column":104}}]},"21":{"line":73,"type":"if","locations":[{"start":{"line":73,"column":8},"end":{"line":73,"column":8}},{"start":{"line":73,"column":8},"end":{"line":73,"column":8}}]},"22":{"line":73,"type":"binary-expr","locations":[{"start":{"line":73,"column":12},"end":{"line":73,"column":23}},{"start":{"line":73,"column":27},"end":{"line":73,"column":35}},{"start":{"line":73,"column":39},"end":{"line":73,"column":80}}]},"23":{"line":77,"type":"cond-expr","locations":[{"start":{"line":77,"column":33},"end":{"line":77,"column":45}},{"start":{"line":77,"column":48},"end":{"line":77,"column":52}}]},"24":{"line":78,"type":"cond-expr","locations":[{"start":{"line":78,"column":37},"end":{"line":78,"column":51}},{"start":{"line":78,"column":54},"end":{"line":78,"column":58}}]},"25":{"line":124,"type":"if","locations":[{"start":{"line":124,"column":6},"end":{"line":124,"column":6}},{"start":{"line":124,"column":6},"end":{"line":124,"column":6}}]},"26":{"line":185,"type":"binary-expr","locations":[{"start":{"line":185,"column":45},"end":{"line":185,"column":61}},{"start":{"line":185,"column":65},"end":{"line":185,"column":94}}]},"27":{"line":252,"type":"if","locations":[{"start":{"line":252,"column":2},"end":{"line":252,"column":2}},{"start":{"line":252,"column":2},"end":{"line":252,"column":2}}]},"28":{"line":252,"type":"binary-expr","locations":[{"start":{"line":252,"column":6},"end":{"line":252,"column":34}},{"start":{"line":252,"column":38},"end":{"line":252,"column":80}}]},"29":{"line":257,"type":"if","locations":[{"start":{"line":257,"column":4},"end":{"line":257,"column":4}},{"start":{"line":257,"column":4},"end":{"line":257,"column":4}}]},"30":{"line":266,"type":"switch","locations":[{"start":{"line":267,"column":4},"end":{"line":268,"column":33}},{"start":{"line":270,"column":4},"end":{"line":271,"column":36}},{"start":{"line":273,"column":4},"end":{"line":274,"column":29}},{"start":{"line":276,"column":4},"end":{"line":277,"column":37}},{"start":{"line":279,"column":4},"end":{"line":280,"column":26}},{"start":{"line":282,"column":4},"end":{"line":283,"column":31}},{"start":{"line":285,"column":4},"end":{"line":286,"column":40}},{"start":{"line":288,"column":4},"end":{"line":289,"column":30}},{"start":{"line":291,"column":4},"end":{"line":292,"column":32}},{"start":{"line":294,"column":4},"end":{"line":295,"column":29}},{"start":{"line":297,"column":4},"end":{"line":298,"column":25}}]},"31":{"line":305,"type":"if","locations":[{"start":{"line":305,"column":2},"end":{"line":305,"column":2}},{"start":{"line":305,"column":2},"end":{"line":305,"column":2}}]},"32":{"line":305,"type":"binary-expr","locations":[{"start":{"line":305,"column":6},"end":{"line":305,"column":34}},{"start":{"line":305,"column":38},"end":{"line":305,"column":80}}]},"33":{"line":321,"type":"cond-expr","locations":[{"start":{"line":321,"column":38},"end":{"line":321,"column":50}},{"start":{"line":321,"column":53},"end":{"line":321,"column":65}}]},"34":{"line":325,"type":"cond-expr","locations":[{"start":{"line":325,"column":18},"end":{"line":325,"column":26}},{"start":{"line":325,"column":29},"end":{"line":325,"column":37}}]},"35":{"line":329,"type":"if","locations":[{"start":{"line":329,"column":2},"end":{"line":329,"column":2}},{"start":{"line":329,"column":2},"end":{"line":329,"column":2}}]},"36":{"line":329,"type":"cond-expr","locations":[{"start":{"line":329,"column":45},"end":{"line":329,"column":56}},{"start":{"line":329,"column":59},"end":{"line":329,"column":80}}]},"37":{"line":334,"type":"if","locations":[{"start":{"line":334,"column":4},"end":{"line":334,"column":4}},{"start":{"line":334,"column":4},"end":{"line":334,"column":4}}]},"38":{"line":367,"type":"if","locations":[{"start":{"line":367,"column":4},"end":{"line":367,"column":4}},{"start":{"line":367,"column":4},"end":{"line":367,"column":4}}]},"39":{"line":367,"type":"binary-expr","locations":[{"start":{"line":367,"column":8},"end":{"line":367,"column":16}},{"start":{"line":367,"column":20},"end":{"line":367,"column":52}}]},"40":{"line":377,"type":"cond-expr","locations":[{"start":{"line":377,"column":60},"end":{"line":377,"column":71}},{"start":{"line":377,"column":74},"end":{"line":377,"column":89}}]},"41":{"line":387,"type":"if","locations":[{"start":{"line":387,"column":0},"end":{"line":387,"column":0}},{"start":{"line":387,"column":0},"end":{"line":387,"column":0}}]},"42":{"line":387,"type":"binary-expr","locations":[{"start":{"line":387,"column":5},"end":{"line":387,"column":39}},{"start":{"line":387,"column":43},"end":{"line":387,"column":79}},{"start":{"line":387,"column":84},"end":{"line":387,"column":111}}]}},"code":["'use strict';","","Object.defineProperty(exports, \"__esModule\", {","  value: true","});","exports.__RewireAPI__ = exports.__ResetDependency__ = exports.__set__ = exports.__Rewire__ = exports.__GetDependency__ = exports.__get__ = exports.RedBoxError = undefined;","","var _typeof = typeof Symbol === \"function\" && typeof Symbol.iterator === \"symbol\" ? function (obj) { return typeof obj; } : function (obj) { return obj && typeof Symbol === \"function\" && obj.constructor === Symbol && obj !== Symbol.prototype ? \"symbol\" : typeof obj; };","","var _createClass = function () { function defineProperties(target, props) { for (var i = 0; i < props.length; i++) { var descriptor = props[i]; descriptor.enumerable = descriptor.enumerable || false; descriptor.configurable = true; if (\"value\" in descriptor) descriptor.writable = true; Object.defineProperty(target, descriptor.key, descriptor); } } return function (Constructor, protoProps, staticProps) { if (protoProps) defineProperties(Constructor.prototype, protoProps); if (staticProps) defineProperties(Constructor, staticProps); return Constructor; }; }();","","var _propTypes = require('prop-types');","","var _propTypes2 = _interopRequireDefault(_propTypes);","","var _react = require('react');","","var _react2 = _interopRequireDefault(_react);","","var _reactDom = require('react-dom');","","var _reactDom2 = _interopRequireDefault(_reactDom);","","var _style = require('./style.js');","","var _style2 = _interopRequireDef
[...]
ymous_17)","line":151,"loc":{"start":{"line":151,"column":38},"end":{"line":151,"column":54}}},"18":{"name":"(anonymous_18)","line":161,"loc":{"start":{"line":161,"column":11},"end":{"line":161,"column":23}}},"19":{"name":"_reset__","line":167,"loc":{"start":{"line":167,"column":0},"end":{"line":167,"column":32}}},"20":{"name":"_with__","line":171,"loc":{"start":{"line":171,"column":0},"end":{"line":171,"column":25}}},"21":{"name":"reset","line":175,"loc":{"start":{"line":175,"column":2},"end":{"line":175,"column":19}}},"22":{"name":"(anonymous_22)","line":176,"loc":{"start":{"line":176,"column":33},"end":{"line":176,"column":57}}},"23":{"name":"(anonymous_23)","line":181,"loc":{"start":{"line":181,"column":9},"end":{"line":181,"column":29}}},"24":{"name":"(anonymous_24)","line":182,"loc":{"start":{"line":182,"column":33},"end":{"line":182,"column":57}}}},"statementMap":{"1":{"start":{"line":3,"column":0},"end":{"line":5,"column":3}},"2":{"start":{"line":7,"column":0},"end":{"line":7,"column":269}},"3":{"start":{"line":7,"column":101},"end":{"line":7,"column":119}},"4":{"start":{"line":7,"column":141},"end":{"line":7,"column":266}},"5":{"start":{"line":9,"column":0},"end":{"line":15,"column":2}},"6":{"start":{"line":10,"column":2},"end":{"line":10,"column":88}},"7":{"start":{"line":12,"column":2},"end":{"line":12,"column":40}},"8":{"start":{"line":14,"column":2},"end":{"line":14,"column":59}},"9":{"start":{"line":17,"column":0},"end":{"line":21,"column":2}},"10":{"start":{"line":18,"column":2},"end":{"line":18,"column":66}},"11":{"start":{"line":20,"column":2},"end":{"line":20,"column":37}},"12":{"start":{"line":23,"column":0},"end":{"line":26,"column":2}},"13":{"start":{"line":24,"column":2},"end":{"line":25,"column":4}},"14":{"start":{"line":28,"column":0},"end":{"line":36,"column":2}},"15":{"start":{"line":29,"column":2},"end":{"line":29,"column":66}},"16":{"start":{"line":31,"column":2},"end":{"line":33,"column":3}},"17":{"start":{"line":32,"column":4},"end":{"line":32,"column":16}},"18":{"start":{"line":35,"column":2},"end":{"line":35,"column":15}},"19":{"start":{"line":38,"column":0},"end":{"line":60,"column":2}},"20":{"start":{"line":39,"column":2},"end":{"line":39,"column":66}},"21":{"start":{"line":41,"column":2},"end":{"line":43,"column":3}},"22":{"start":{"line":42,"column":4},"end":{"line":42,"column":26}},"23":{"start":{"line":45,"column":2},"end":{"line":45,"column":39}},"24":{"start":{"line":47,"column":2},"end":{"line":57,"column":3}},"25":{"start":{"line":48,"column":4},"end":{"line":48,"column":40}},"26":{"start":{"line":50,"column":4},"end":{"line":56,"column":5}},"27":{"start":{"line":51,"column":6},"end":{"line":51,"column":34}},"28":{"start":{"line":53,"column":6},"end":{"line":55,"column":7}},"29":{"start":{"line":54,"column":8},"end":{"line":54,"column":40}},"30":{"start":{"line":59,"column":2},"end":{"line":59,"column":13}},"31":{"start":{"line":62,"column":0},"end":{"line":74,"column":2}},"32":{"start":{"line":63,"column":2},"end":{"line":63,"column":56}},"33":{"start":{"line":65,"column":2},"end":{"line":71,"column":3}},"34":{"start":{"line":66,"column":4},"end":{"line":66,"column":29}},"35":{"start":{"line":68,"column":4},"end":{"line":70,"column":5}},"36":{"start":{"line":69,"column":6},"end":{"line":69,"column":33}},"37":{"start":{"line":73,"column":2},"end":{"line":73,"column":14}},"38":{"start":{"line":76,"column":0},"end":{"line":76,"column":41}},"39":{"start":{"line":78,"column":0},"end":{"line":78,"column":56}},"40":{"start":{"line":79,"column":0},"end":{"line":79,"column":22}},"41":{"start":{"line":81,"column":0},"end":{"line":97,"column":5}},"42":{"start":{"line":82,"column":2},"end":{"line":88,"column":3}},"43":{"start":{"line":83,"column":4},"end":{"line":87,"column":7}},"44":{"start":{"line":90,"column":2},"end":{"line":90,"column":44}},"45":{"start":{"line":91,"column":2},"end":{"line":91,"column":54}},"46":{"start":{"line":92,"column":2},"end":{"line":92,"column":47}},"47":{"start":{"line":93,"column":2},"end":{"line":93,"column":44}},"48":{"start":{"line":94,"column":2},"end":{"line":94,"column":48}},"49":{"start":{"line":95,"column":2},"end":{"line":95,"column":58}},"50":{"start":{"line":96,"column":2},"end":{"line":96,"column":46}},"51":{"start":{"line":99,"column":0},"end":{"line":111,"column":1}},"52":{"start":{"line":100,"column":2},"end":{"line":110,"column":3}},"53":{"start":{"line":101,"column":4},"end":{"line":101,"column":41}},"54":{"start":{"line":103,"column":4},"end":{"line":103,"column":45}},"55":{"start":{"line":105,"column":4},"end":{"line":109,"column":5}},"56":{"start":{"line":106,"column":6},"end":{"line":106,"column":23}},"57":{"start":{"line":108,"column":6},"end":{"line":108,"column":19}},"58":{"start":{"line":113,"column":0},"end":{"line":123,"column":1}},"59":{"start":{"line":114,"column":2},"end":{"line":120,"column":3}},"60":{"start":{"line":116,"column":6},"end":{"line":116,"column":36}},"61":{"start":{"line":119,"column":6},"end":{"line":119,"column":31}},"62":{"start":{"line":122,"column":2},"end":{"line":122,"column":19}},"63":{"start":{"line":125,"column":0},"end":{"line":131,"column":1}},"64":{"start":{"line":126,"column":2},"end":{"line":130,"column":3}},"65":{"start":{"line":127,"column":4},"end":{"line":127,"column":48}},"66":{"start":{"line":129,"column":4},"end":{"line":129,"column":48}},"67":{"start":{"line":133,"column":0},"end":{"line":137,"column":1}},"68":{"start":{"line":134,"column":2},"end":{"line":134,"column":26}},"69":{"start":{"line":136,"column":2},"end":{"line":136,"column":19}},"70":{"start":{"line":139,"column":0},"end":{"line":147,"column":1}},"71":{"start":{"line":140,"column":2},"end":{"line":140,"column":38}},"72":{"start":{"line":142,"column":2},"end":{"line":142,"column":66}},"73":{"start":{"line":144,"column":2},"end":{"line":144,"column":36}},"74":{"start":{"line":146,"column":2},"end":{"line":146,"column":38}},"75":{"start":{"line":149,"column":0},"end":{"line":165,"column":1}},"76":{"start":{"line":150,"column":2},"end":{"line":164,"column":3}},"77":{"start":{"line":151,"column":4},"end":{"line":153,"column":7}},"78":{"start":{"line":152,"column":6},"end":{"line":152,"column":48}},"79":{"start":{"line":155,"column":4},"end":{"line":159,"column":5}},"80":{"start":{"line":156,"column":6},"end":{"line":156,"column":59}},"81":{"start":{"line":158,"column":6},"end":{"line":158,"column":43}},"82":{"start":{"line":161,"column":4},"end":{"line":163,"column":6}},"83":{"start":{"line":162,"column":6},"end":{"line":162,"column":29}},"84":{"start":{"line":167,"column":0},"end":{"line":169,"column":1}},"85":{"start":{"line":168,"column":2},"end":{"line":168,"column":38}},"86":{"start":{"line":171,"column":0},"end":{"line":196,"column":1}},"87":{"start":{"line":172,"column":2},"end":{"line":172,"column":49}},"88":{"start":{"line":173,"column":2},"end":{"line":173,"column":26}},"89":{"start":{"line":175,"column":2},"end":{"line":179,"column":3}},"90":{"start":{"line":176,"column":4},"end":{"line":178,"column":7}},"91":{"start":{"line":177,"column":6},"end":{"line":177,"column":66}},"92":{"start":{"line":181,"column":2},"end":{"line":195,"column":4}},"93":{"start":{"line":182,"column":4},"end":{"line":185,"column":7}},"94":{"start":{"line":183,"column":6},"end":{"line":183,"column":66}},"95":{"start":{"line":184,"column":6},"end":{"line":184,"column":58}},"96":{"start":{"line":186,"column":4},"end":{"line":186,"column":28}},"97":{"start":{"line":188,"column":4},"end":{"line":192,"column":5}},"98":{"start":{"line":189,"column":6},"end":{"line":189,"column":38}},"99":{"start":{"line":191,"column":6},"end":{"line":191,"column":14}},"100":{"start":{"line":194,"column":4},"end":{"line":194,"column":18}},"101":{"start":{"line":198,"column":0},"end":{"line":198,"column":25}},"102":{"start":{"line":199,"column":0},"end":{"line":199,"column":35}},"103":{"start":{"line":200,"column":0},"end":{"line":200,"column":28}},"104":{"start":{"line":201,"column":0},"end":{"line":201,"column":25}},"105":{"start":{"line":202,"column":0},"end":{"line":202,"column":39}},"106":{"start":{"line":203,"column":0},"end":{"line":203,"column":37}},"107":{"start":{"line":204,"column":0},"end":{"line":204,"column":31}}},"branchMap":{"1":{"line":7,"type":"cond-expr","locations":[{"start":{"line":7,"column":84},"end":{"line":7,"column":121}},{"start":{"line":7,"column":124},"end":{"line":7,"column":268}}]},"2":{"line":7,"type":"binary-expr","locations":[{"start":{"line":7,"column":14},"end":{"line":7,"column":42}},{"start":{"line":7,"column":46},"end":{"line":7,"column":81}}]},"3":{"line":7,"type":"cond-expr","locations":[{"start":{"line":7,"column":244},"end":{"line":7,"column":252}},{"start":{"line":7,"column":255},"end":{"line":7,"column":265}}]},"4":{"line":7,"type":"binary-expr","locations":[{"start":{"line":7,"column":148},"end":{"line":7,"column":151}},{"start":{"line":7,"column":155},"end":{"line":7,"column":183}},{"start":{"line":7,"column":187},"end":{"line":7,"column":213}},{"start":{"line":7,"column":217},"end":{"line":7,"column":241}}]},"5":{"line":10,"type":"cond-expr","locations":[{"start":{"line":10,"column":70},"end":{"line":10,"column":82}},{"start":{"line":10,"column":85},"end":{"line":10,"column":87}}]},"6":{"line":10,"type":"binary-expr","locations":[{"start":{"line":10,"column":17},"end":{"line":10,"column":37}},{"start":{"line":10,"column":41},"end":{"line":10,"column":67}}]},"7":{"line":14,"type":"cond-expr","locations":[{"start":{"line":14,"column":21},"end":{"line":14,"column":29}},{"start":{"line":14,"column":32},"end":{"line":14,"column":58}}]},"8":{"line":31,"type":"if","locations":[{"start":{"line":31,"column":2},"end":{"line":31,"column":2}},{"start":{"line":31,"column":2},"end":{"line":31,"column":2}}]},"9":{"line":41,"type":"if","locations":[{"start":{"line":41,"column":2},"end":{"line":41,"column":2}},{"start":{"line":41,"column":2},"end":{"line":41,"column":2}}]},"10":{"line":47,"type":"if","locations":[{"start":{"line":47,"column":2},"end":{"line":47,"column":2}},{"start":{"line":47,"column":2},"end":{"line":47,"column":2}}]},"11":{"line":50,"type":"if","locations":[{"start":{"line":50,"column":4},"end":{"line":50,"column":4}},{"start":{"line":50,"column":4},"end":{"line":50,"column":4}}]},"12":{"line":50,"type":"binary-expr","locations":[{"start":{"line":50,"column":8},"end":{"line":50,"column":12}},{"start":{"line":50,"column":16},"end":{"line":50,"column":43}}]},"13":{"line":53,"type":"if","locations":[{"start":{"line":53,"column":6},"end":{"line":53,"column":6}},{"start":{"line":53,"column":6},"end":{"line":53,"column":6}}]},"14":{"line":65,"type":"if","locations":[{"start":{"line":65,"column":2},"end":{"line":65,"column":2}},{"start":{"line":65,"column":2},"end":{"line":65,"column":2}}]},"15":{"line":65,"type":"binary-expr","locations":[{"start":{"line":65,"column":6},"end":{"line":65,"column":10}},{"start":{"line":65,"column":14},"end":{"line":65,"column":31}}]},"16":{"line":68,"type":"if","locations":[{"start":{"line":68,"column":4},"end":{"line":68,"column":4}},{"start":{"line":68,"column":4},"end":{"line":68,"column":4}}]},"17":{"line":100,"type":"if","locations":[{"start":{"line":100,"column":2},"end":{"line":100,"column":2}},{"start":{"line":100,"column":2},"end":{"line":100,"column":2}}]},"18":{"line":100,"type":"binary-expr","locations":[{"start":{"line":100,"column":6},"end":{"line":100,"column":34}},{"start":{"line":100,"column":38},"end":{"line":100,"column":80}}]},"19":{"line":105,"type":"if","locations":[{"start":{"line":105,"column":4},"end":{"line":105,"column":4}},{"start":{"line":105,"column":4},"end":{"line":105,"column":4}}]},"20":{"line":114,"type":"switch","locations":[{"start":{"line":115,"column":4},"end":{"line":116,"column":36}},{"start":{"line":118,"column":4},"end":{"line":119,"column":31}}]},"21":{"line":126,"type":"if","locations":[{"start":{"line":126,"column":2},"end":{"line":126,"column":2}},{"start":{"line":126,"column":2},"end":{"line":126,"column":2}}]},"22":{"line":126,"type":"binary-expr","locations":[{"start":{"line":126,"column":6},"end":{"line":126,"column":34}},{"start":{"line":126,"column":38},"end":{"line":126,"column":80}}]},"23":{"line":142,"type":"cond-expr","locations":[{"start":{"line":142,"column":38},"end":{"line":142,"column":50}},{"start":{"line":142,"column":53},"end":{"line":142,"column":65}}]},"24":{"line":146,"type":"cond-expr","locations":[{"start":{"line":146,"column":18},"end":{"line":146,"column":26}},{"start":{"line":146,"column":29},"end":{"line":146,"column":37}}]},"25":{"line":150,"type":"if","locations":[{"start":{"line":150,"column":2},"end":{"line":150,"column":2}},{"start":{"line":150,"column":2},"end":{"line":150,"column":2}}]},"26":{"line":150,"type":"cond-expr","locations":[{"start":{"line":150,"column":45},"end":{"line":150,"column":56}},{"start":{"line":150,"column":59},"end":{"line":150,"column":80}}]},"27":{"line":155,"type":"if","locations":[{"start":{"line":155,"column":4},"end":{"line":155,"column":4}},{"start":{"line":155,"column":4},"end":{"line":155,"column":4}}]},"28":{"line":188,"type":"if","locations":[{"start":{"line":188,"column":4},"end":{"line":188,"column":4}},{"start":{"line":188,"column":4},"end":{"line":188,"column":4}}]},"29":{"line":188,"type":"binary-expr","locations":[{"start":{"line":188,"column":8},"end":{"line":188,"column":16}},{"start":{"line":188,"column":20},"end":{"line":188,"column":52}}]}},"code":["'use strict';","","Object.defineProperty(exports, \"__esModule\", {","  value: true","});","","var _typeof = typeof Symbol === \"function\" && typeof Symbol.iterator === \"symbol\" ? function (obj) { return typeof obj; } : function (obj) { return obj && typeof Symbol === \"function\" && obj.constructor === Symbol && obj !== Symbol.prototype ? \"symbol\" : typeof obj; };","","var filenameWithoutLoaders = exports.filenameWithoutLoaders = function filenameWithoutLoaders() {","  var filename = arguments.length > 0 && arguments[0] !== undefined ? arguments[0] : '';","","  var index = filename.lastIndexOf('!');","","  return index < 0 ? filename : filename.substr(index + 1);","};","","var filenameHasLoaders = exports.filenameHasLoaders = function filenameHasLoaders(filename) {","  var actualFilename = _get__('filenameWithoutLoaders')(filename);","","  return actualFilename !== filename;","};","","var filenameHasSchema = exports.filenameHasSchema = function filenameHasSchema(filename) {","  return (/^[\\w]+\\:/.test(filename)","  );","};","","var isFilenameAbsolute = exports.isFilenameAbsolute = function isFilenameAbsolute(filename) {","  var actualFilename = _get__('filenameWithoutLoaders')(filename);","","  if (actualFilename.indexOf('/') === 0) {","    return true;","  }","","  return false;","};","","var makeUrl = exports.makeUrl = function makeUrl(filename, scheme, line, column) {","  var actualFilename = _get__('filenameWithoutLoaders')(filename);","","  if (_get__('filenameHasSchema')(filename)) {","    return actualFilename;","  }","","  var url = 'file://' + actualFilename;","","  if (scheme) {","    url = scheme + '://open?url=' + url;","","    if (line && actualFilename === filename) {","      url = url + '&line=' + line;","","      if (column) {","        url = url + '&column=' + column;","      }","    }","  }","","  return url;","};","","var makeLinkText = exports.makeLinkText = function makeLinkText(filename, line, column) {","  var text = _get__('filenameWithoutLoaders')(filename);","","  if (line && text === filename) {","    text = text + ':' + line;","","    if (column) {","      text = text + ':' + column;","    }","  }","","  return text;","};","","var _RewiredData__ = Object.create(null);","","var INTENTIONAL_UNDEFINED = '__INTENTIONAL_UNDEFINED__';","var _RewireAPI__ = {};","","(function () {","  function addPropertyToAPIObject(name, value) {","    Object.defineProperty(_RewireAPI__, name, {","      value: value,","      enumerable: false,","      configurable: true","    });","  }","","  addPropertyToAPIObject('__get__', _get__);","  addPropertyToAPIObject('__GetDependency__', _get__);","  addPropertyToAPIObject('__Rewire__', _set__);","  addPropertyToAPIObject('__set__', _set__);","  addPropertyToAPIObject('__reset__', _reset__);","  addPropertyToAPIObject('__ResetDependency__', _reset__);","  addPropertyToAPIObject('__with__', _with__);","})();","","function _get__(variableName) {","  if (_RewiredData__ === undefined || _RewiredData__[variableName] === undefined) {","    return _get_original__(variableName);","  } else {","    var value = _RewiredData__[variableName];","","    if (value === INTENTIONAL_UNDEFINED) {","      return undefined;","    } else {","      return value;","    }","  }","}","","function _get_original__(variableName) {","  switch (variableName) {","    case 'filenameWithoutLoaders':","      return filenameWithoutLoaders;","","    case 'filenameHasSchema':","      return filenameHasSchema;","  }","","  return undefined;","}","","function _assign__(variableName, value) {","  if (_RewiredData__ === undefined || _RewiredData__[variableName] === undefined) {","    return _set_original__(variableName, value);","  } else {","    return _RewiredData__[variableName] = value;","  }","}","","function _set_original__(variableName, _value) {","  switch (variableName) {}","","  return undefined;","}","","function _update_operation__(operation, variableName, prefix) {","  var oldValue = _get__(variableName);","","  var newValue = operation === '++' ? oldValue + 1 : oldValue - 1;","","  _assign__(variableName, newValue);","","  return prefix ? newValue : oldValue;","}","","function _set__(variableName, value) {","  if ((typeof variableName === 'undefined' ? 'undefined' : _typeof(variableName)) === 'object') {","    Object.keys(variableName).forEach(function (name) {","      _RewiredData__[name] = variableName[name];","    });","  } else {","    if (value === undefined) {","      _RewiredData__[variableName] = INTENTIONAL_UNDEFINED;","    } else {","      _RewiredData__[variableName] = value;","    }","","    return function () {","      _reset__(variableName);","    };","  }","}","","function _reset__(variableName) {","  delete _RewiredData__[variableName];","}","","function _with__(object) {","  var rewiredVariableNames = Object.keys(object);","  var previousValues = {};","","  function reset() {","    rewiredVariableNames.forEach(function (variableName) {","      _RewiredData__[variableName] = previousValues[variableName];","    });","  }","","  return function (callback) {","    rewiredVariableNames.forEach(function (variableName) {","      previousValues[variableName] = _RewiredData__[variableName];","      _RewiredData__[variableName] = object[variableName];","    });","    var result = callback();","","    if (!!result && typeof result.then == 'function') {","      result.then(reset).catch(reset);","    } else {","      reset();","    }","","    return result;","  };","}","","exports.__get__ = _get__;","exports.__GetDependency__ = _get__;","exports.__Rewire__ = _set__;","exports.__set__ = _set__;","exports.__ResetDependency__ = _reset__;","exports.__RewireAPI__ = _RewireAPI__;","exports.default = _RewireAPI__;"],"l":{"3":1,"7":1,"9":1,"10":0,"12":0,"14":0,"17":1,"18":0,"20":0,"23":1,"24":0,"28":1,"29":0,"31":0,"32":0,"35":0,"38":1,"39":0,"41":0,"42":0,"45":0,"47":0,"48":0,"50":0,"51":0,"53":0,"54":0,"59":0,"62":1,"63":0,"65":0,"66":0,"68":0,"69":0,"73":0,"76":1,"78":1,"79":1,"81":1,"82":1,"83":7,"90":1,"91":1,"92":1,"93":1,"94":1,"95":1,"96":1,"99":1,"100":0,"101":0,"103":0,"105":0,"106":0,"108":0,"113":1,"114":0,"116":0,"119":0,"122":0,"125":1,"126":0,"127":0,"129":0,"133":1,"134":0,"136":0,"139":1,"140":0,"142":0,"144":0,"146":0,"149":1,"150":0,"151":0,"152":0,"155":0,"156":0,"158":0,"161":0,"162":0,"167":1,"168":0,"171":1,"172":0,"173":0,"175":1,"176":0,"177":0,"181":0,"182":0,"183":0,"184":0,"186":0,"188":0,"189":0,"191":0,"194":0,"198":1,"199":1,"200":1,"201":1,"202":1,"203":1,"204":1}}}